[0.061s] Invoking command in '/home/vboxuser/ENPM673_final_project/group2_ws/build/enpm673_final_proj': CMAKE_PREFIX_PATH=${CMAKE_PREFIX_PATH}:/opt/ros/humble /usr/bin/cmake --build /home/vboxuser/ENPM673_final_project/group2_ws/build/enpm673_final_proj -- -j2 -l2
[0.263s] [ 50%] Built target cpp_enpm673_final_proj
[0.412s] [ 50%] Built target ament_cmake_python_copy_enpm673_module
[0.505s] [100%] Built target animated_box
[1.013s] running egg_info
[1.022s] writing enpm673_module.egg-info/PKG-INFO
[1.022s] writing dependency_links to enpm673_module.egg-info/dependency_links.txt
[1.022s] writing top-level names to enpm673_module.egg-info/top_level.txt
[1.031s] reading manifest file 'enpm673_module.egg-info/SOURCES.txt'
[1.031s] writing manifest file 'enpm673_module.egg-info/SOURCES.txt'
[1.100s] [100%] Built target ament_cmake_python_build_enpm673_module_egg
[1.151s] Invoked command in '/home/vboxuser/ENPM673_final_project/group2_ws/build/enpm673_final_proj' returned '0': CMAKE_PREFIX_PATH=${CMAKE_PREFIX_PATH}:/opt/ros/humble /usr/bin/cmake --build /home/vboxuser/ENPM673_final_project/group2_ws/build/enpm673_final_proj -- -j2 -l2
[1.205s] Invoking command in '/home/vboxuser/ENPM673_final_project/group2_ws/build/enpm673_final_proj': CMAKE_PREFIX_PATH=${CMAKE_PREFIX_PATH}:/opt/ros/humble /usr/bin/cmake --install /home/vboxuser/ENPM673_final_project/group2_ws/build/enpm673_final_proj
[1.232s] -- Install configuration: ""
[1.240s] -- Up-to-date: /home/vboxuser/ENPM673_final_project/group2_ws/install/enpm673_final_proj/lib/enpm673_final_proj/cpp_enpm673_final_proj
[1.240s] -- Up-to-date: /home/vboxuser/ENPM673_final_project/group2_ws/install/enpm673_final_proj/share/enpm673_final_proj/environment/pythonpath.sh
[1.240s] -- Up-to-date: /home/vboxuser/ENPM673_final_project/group2_ws/install/enpm673_final_proj/share/enpm673_final_proj/environment/pythonpath.dsv
[1.240s] -- Up-to-date: /home/vboxuser/ENPM673_final_project/group2_ws/install/enpm673_final_proj/local/lib/python3.10/dist-packages/enpm673_module-0.0.0-py3.10.egg-info
[1.241s] -- Installing: /home/vboxuser/ENPM673_final_project/group2_ws/install/enpm673_final_proj/local/lib/python3.10/dist-packages/enpm673_module-0.0.0-py3.10.egg-info/top_level.txt
[1.241s] -- Installing: /home/vboxuser/ENPM673_final_project/group2_ws/install/enpm673_final_proj/local/lib/python3.10/dist-packages/enpm673_module-0.0.0-py3.10.egg-info/dependency_links.txt
[1.241s] -- Installing: /home/vboxuser/ENPM673_final_project/group2_ws/install/enpm673_final_proj/local/lib/python3.10/dist-packages/enpm673_module-0.0.0-py3.10.egg-info/SOURCES.txt
[1.241s] -- Installing: /home/vboxuser/ENPM673_final_project/group2_ws/install/enpm673_final_proj/local/lib/python3.10/dist-packages/enpm673_module-0.0.0-py3.10.egg-info/PKG-INFO
[1.241s] -- Up-to-date: /home/vboxuser/ENPM673_final_project/group2_ws/install/enpm673_final_proj/local/lib/python3.10/dist-packages/enpm673_module
[1.241s] -- Up-to-date: /home/vboxuser/ENPM673_final_project/group2_ws/install/enpm673_final_proj/local/lib/python3.10/dist-packages/enpm673_module/enpm673_final_proj.py
[1.241s] -- Up-to-date: /home/vboxuser/ENPM673_final_project/group2_ws/install/enpm673_final_proj/local/lib/python3.10/dist-packages/enpm673_module/__init__.py
[1.328s] Listing '/home/vboxuser/ENPM673_final_project/group2_ws/install/enpm673_final_proj/local/lib/python3.10/dist-packages/enpm673_module'...
[1.330s] -- Up-to-date: /home/vboxuser/ENPM673_final_project/group2_ws/install/enpm673_final_proj/lib/enpm673_final_proj/enpm673_final_proj_main.py
[1.331s] -- Installing: /home/vboxuser/ENPM673_final_project/group2_ws/install/enpm673_final_proj/lib/enpm673_final_proj/directional_motion.py
[1.331s] -- Up-to-date: /home/vboxuser/ENPM673_final_project/group2_ws/install/enpm673_final_proj/share/enpm673_final_proj/launch/enpm673_world.launch.py
[1.332s] -- Up-to-date: /home/vboxuser/ENPM673_final_project/group2_ws/install/enpm673_final_proj/lib/enpm673_final_proj/libanimated_box.so
[1.336s] -- Up-to-date: /home/vboxuser/ENPM673_final_project/group2_ws/install/enpm673_final_proj/share/enpm673_final_proj/worlds/enpm673.world
[1.336s] -- Up-to-date: /home/vboxuser/ENPM673_final_project/group2_ws/install/enpm673_final_proj/share/enpm673_final_proj/worlds/animated_box.world
[1.336s] -- Up-to-date: /home/vboxuser/ENPM673_final_project/group2_ws/install/enpm673_final_proj/share/enpm673_final_proj//models
[1.336s] -- Up-to-date: /home/vboxuser/ENPM673_final_project/group2_ws/install/enpm673_final_proj/share/enpm673_final_proj//models/floor_tile
[1.336s] -- Up-to-date: /home/vboxuser/ENPM673_final_project/group2_ws/install/enpm673_final_proj/share/enpm673_final_proj//models/floor_tile/model.sdf
[1.337s] -- Up-to-date: /home/vboxuser/ENPM673_final_project/group2_ws/install/enpm673_final_proj/share/enpm673_final_proj//models/floor_tile/model.config
[1.337s] -- Up-to-date: /home/vboxuser/ENPM673_final_project/group2_ws/install/enpm673_final_proj/share/enpm673_final_proj//models/checkerboard_6_8_0_03
[1.337s] -- Up-to-date: /home/vboxuser/ENPM673_final_project/group2_ws/install/enpm673_final_proj/share/enpm673_final_proj//models/checkerboard_6_8_0_03/model.config
[1.337s] -- Up-to-date: /home/vboxuser/ENPM673_final_project/group2_ws/install/enpm673_final_proj/share/enpm673_final_proj//models/checkerboard_6_8_0_03/checkerboard.sdf
[1.337s] -- Up-to-date: /home/vboxuser/ENPM673_final_project/group2_ws/install/enpm673_final_proj/share/enpm673_final_proj//models/lane_markings
[1.337s] -- Up-to-date: /home/vboxuser/ENPM673_final_project/group2_ws/install/enpm673_final_proj/share/enpm673_final_proj//models/lane_markings/model.sdf
[1.337s] -- Up-to-date: /home/vboxuser/ENPM673_final_project/group2_ws/install/enpm673_final_proj/share/enpm673_final_proj//models/lane_markings/model.config
[1.337s] -- Up-to-date: /home/vboxuser/ENPM673_final_project/group2_ws/install/enpm673_final_proj/share/enpm673_final_proj//models/textured_floor
[1.337s] -- Up-to-date: /home/vboxuser/ENPM673_final_project/group2_ws/install/enpm673_final_proj/share/enpm673_final_proj//models/textured_floor/model.sdf
[1.337s] -- Up-to-date: /home/vboxuser/ENPM673_final_project/group2_ws/install/enpm673_final_proj/share/enpm673_final_proj//models/textured_floor/model.config
[1.337s] -- Up-to-date: /home/vboxuser/ENPM673_final_project/group2_ws/install/enpm673_final_proj/share/enpm673_final_proj//models/umd_turtlebot3_waffle_pi
[1.337s] -- Up-to-date: /home/vboxuser/ENPM673_final_project/group2_ws/install/enpm673_final_proj/share/enpm673_final_proj//models/umd_turtlebot3_waffle_pi/model.sdf
[1.337s] -- Up-to-date: /home/vboxuser/ENPM673_final_project/group2_ws/install/enpm673_final_proj/share/enpm673_final_proj//models/umd_turtlebot3_waffle_pi/model.config
[1.337s] -- Up-to-date: /home/vboxuser/ENPM673_final_project/group2_ws/install/enpm673_final_proj/share/enpm673_final_proj//models/paper_letter_size
[1.337s] -- Up-to-date: /home/vboxuser/ENPM673_final_project/group2_ws/install/enpm673_final_proj/share/enpm673_final_proj//models/paper_letter_size/model.sdf
[1.337s] -- Up-to-date: /home/vboxuser/ENPM673_final_project/group2_ws/install/enpm673_final_proj/share/enpm673_final_proj//models/paper_letter_size/model.config
[1.337s] -- Up-to-date: /home/vboxuser/ENPM673_final_project/group2_ws/install/enpm673_final_proj/share/enpm673_final_proj//models/aruco_marker
[1.337s] -- Up-to-date: /home/vboxuser/ENPM673_final_project/group2_ws/install/enpm673_final_proj/share/enpm673_final_proj//models/aruco_marker/materials
[1.338s] -- Up-to-date: /home/vboxuser/ENPM673_final_project/group2_ws/install/enpm673_final_proj/share/enpm673_final_proj//models/aruco_marker/materials/scripts
[1.338s] -- Up-to-date: /home/vboxuser/ENPM673_final_project/group2_ws/install/enpm673_final_proj/share/enpm673_final_proj//models/aruco_marker/materials/scripts/marker.material
[1.338s] -- Up-to-date: /home/vboxuser/ENPM673_final_project/group2_ws/install/enpm673_final_proj/share/enpm673_final_proj//models/aruco_marker/materials/textures
[1.338s] -- Up-to-date: /home/vboxuser/ENPM673_final_project/group2_ws/install/enpm673_final_proj/share/enpm673_final_proj//models/aruco_marker/materials/textures/marker.png
[1.338s] -- Up-to-date: /home/vboxuser/ENPM673_final_project/group2_ws/install/enpm673_final_proj/share/enpm673_final_proj//models/aruco_marker/model.sdf
[1.338s] -- Up-to-date: /home/vboxuser/ENPM673_final_project/group2_ws/install/enpm673_final_proj/share/enpm673_final_proj//models/aruco_marker/model.config
[1.338s] -- Up-to-date: /home/vboxuser/ENPM673_final_project/group2_ws/install/enpm673_final_proj/share/ament_index/resource_index/package_run_dependencies/enpm673_final_proj
[1.338s] -- Up-to-date: /home/vboxuser/ENPM673_final_project/group2_ws/install/enpm673_final_proj/share/ament_index/resource_index/parent_prefix_path/enpm673_final_proj
[1.338s] -- Up-to-date: /home/vboxuser/ENPM673_final_project/group2_ws/install/enpm673_final_proj/share/enpm673_final_proj/environment/ament_prefix_path.sh
[1.338s] -- Up-to-date: /home/vboxuser/ENPM673_final_project/group2_ws/install/enpm673_final_proj/share/enpm673_final_proj/environment/ament_prefix_path.dsv
[1.338s] -- Up-to-date: /home/vboxuser/ENPM673_final_project/group2_ws/install/enpm673_final_proj/share/enpm673_final_proj/environment/path.sh
[1.338s] -- Up-to-date: /home/vboxuser/ENPM673_final_project/group2_ws/install/enpm673_final_proj/share/enpm673_final_proj/environment/path.dsv
[1.338s] -- Up-to-date: /home/vboxuser/ENPM673_final_project/group2_ws/install/enpm673_final_proj/share/enpm673_final_proj/local_setup.bash
[1.338s] -- Up-to-date: /home/vboxuser/ENPM673_final_project/group2_ws/install/enpm673_final_proj/share/enpm673_final_proj/local_setup.sh
[1.338s] -- Up-to-date: /home/vboxuser/ENPM673_final_project/group2_ws/install/enpm673_final_proj/share/enpm673_final_proj/local_setup.zsh
[1.338s] -- Up-to-date: /home/vboxuser/ENPM673_final_project/group2_ws/install/enpm673_final_proj/share/enpm673_final_proj/local_setup.dsv
[1.338s] -- Installing: /home/vboxuser/ENPM673_final_project/group2_ws/install/enpm673_final_proj/share/enpm673_final_proj/package.dsv
[1.338s] -- Up-to-date: /home/vboxuser/ENPM673_final_project/group2_ws/install/enpm673_final_proj/share/ament_index/resource_index/packages/enpm673_final_proj
[1.338s] -- Up-to-date: /home/vboxuser/ENPM673_final_project/group2_ws/install/enpm673_final_proj/share/enpm673_final_proj/cmake/enpm673_final_projConfig.cmake
[1.338s] -- Up-to-date: /home/vboxuser/ENPM673_final_project/group2_ws/install/enpm673_final_proj/share/enpm673_final_proj/cmake/enpm673_final_projConfig-version.cmake
[1.338s] -- Up-to-date: /home/vboxuser/ENPM673_final_project/group2_ws/install/enpm673_final_proj/share/enpm673_final_proj/package.xml
[1.360s] Invoked command in '/home/vboxuser/ENPM673_final_project/group2_ws/build/enpm673_final_proj' returned '0': CMAKE_PREFIX_PATH=${CMAKE_PREFIX_PATH}:/opt/ros/humble /usr/bin/cmake --install /home/vboxuser/ENPM673_final_project/group2_ws/build/enpm673_final_proj
