[0.134s] DEBUG:colcon:Command line arguments: ['/usr/bin/colcon', 'build']
[0.135s] DEBUG:colcon:Parsed command line arguments: Namespace(log_base=None, log_level=None, verb_name='build', build_base='build', install_base='install', merge_install=False, symlink_install=False, test_result_base=None, continue_on_error=False, executor='parallel', parallel_workers=2, event_handlers=None, ignore_user_meta=False, metas=['./colcon.meta'], base_paths=['.'], packages_ignore=None, packages_ignore_regex=None, paths=None, packages_up_to=None, packages_up_to_regex=None, packages_above=None, packages_above_and_dependencies=None, packages_above_depth=None, packages_select_by_dep=None, packages_skip_by_dep=None, packages_skip_up_to=None, packages_select_build_failed=False, packages_skip_build_finished=False, packages_select_test_failures=False, packages_skip_test_passed=False, packages_select=None, packages_skip=None, packages_select_regex=None, packages_skip_regex=None, packages_start=None, packages_end=None, allow_overriding=[], cmake_args=None, cmake_target=None, cmake_target_skip_unavailable=False, cmake_clean_cache=False, cmake_clean_first=False, cmake_force_configure=False, ament_cmake_args=None, catkin_cmake_args=None, catkin_skip_building_tests=False, mixin_files=None, mixin=None, verb_parser=<colcon_mixin.mixin.mixin_argument.MixinArgumentDecorator object at 0x79aabf2ddba0>, verb_extension=<colcon_core.verb.build.BuildVerb object at 0x79aabf3deb00>, main=<bound method BuildVerb.main of <colcon_core.verb.build.BuildVerb object at 0x79aabf3deb00>>, mixin_verb=('build',))
[0.246s] Level 1:colcon.colcon_core.package_discovery:discover_packages(colcon_meta) check parameters
[0.246s] Level 1:colcon.colcon_core.package_discovery:discover_packages(recursive) check parameters
[0.246s] Level 1:colcon.colcon_core.package_discovery:discover_packages(ignore) check parameters
[0.246s] Level 1:colcon.colcon_core.package_discovery:discover_packages(path) check parameters
[0.246s] Level 1:colcon.colcon_core.package_discovery:discover_packages(colcon_meta) discover
[0.246s] Level 1:colcon.colcon_core.package_discovery:discover_packages(recursive) discover
[0.247s] INFO:colcon.colcon_core.package_discovery:Crawling recursively for packages in '/home/vboxuser/ENPM673_final_project/group2_ws'
[0.247s] Level 1:colcon.colcon_core.package_identification:_identify(.) by extensions ['ignore', 'ignore_ament_install']
[0.247s] Level 1:colcon.colcon_core.package_identification:_identify(.) by extension 'ignore'
[0.247s] Level 1:colcon.colcon_core.package_identification:_identify(.) by extension 'ignore_ament_install'
[0.247s] Level 1:colcon.colcon_core.package_identification:_identify(.) by extensions ['colcon_pkg']
[0.247s] Level 1:colcon.colcon_core.package_identification:_identify(.) by extension 'colcon_pkg'
[0.247s] Level 1:colcon.colcon_core.package_identification:_identify(.) by extensions ['colcon_meta']
[0.247s] Level 1:colcon.colcon_core.package_identification:_identify(.) by extension 'colcon_meta'
[0.247s] Level 1:colcon.colcon_core.package_identification:_identify(.) by extensions ['ros']
[0.247s] Level 1:colcon.colcon_core.package_identification:_identify(.) by extension 'ros'
[0.265s] Level 1:colcon.colcon_core.package_identification:_identify(.) by extensions ['cmake', 'python']
[0.265s] Level 1:colcon.colcon_core.package_identification:_identify(.) by extension 'cmake'
[0.265s] Level 1:colcon.colcon_core.package_identification:_identify(.) by extension 'python'
[0.265s] Level 1:colcon.colcon_core.package_identification:_identify(.) by extensions ['python_setup_py']
[0.265s] Level 1:colcon.colcon_core.package_identification:_identify(.) by extension 'python_setup_py'
[0.266s] Level 1:colcon.colcon_core.package_identification:_identify(build) by extensions ['ignore', 'ignore_ament_install']
[0.266s] Level 1:colcon.colcon_core.package_identification:_identify(build) by extension 'ignore'
[0.266s] Level 1:colcon.colcon_core.package_identification:_identify(build) ignored
[0.266s] Level 1:colcon.colcon_core.package_identification:_identify(install) by extensions ['ignore', 'ignore_ament_install']
[0.266s] Level 1:colcon.colcon_core.package_identification:_identify(install) by extension 'ignore'
[0.266s] Level 1:colcon.colcon_core.package_identification:_identify(install) ignored
[0.266s] Level 1:colcon.colcon_core.package_identification:_identify(log) by extensions ['ignore', 'ignore_ament_install']
[0.266s] Level 1:colcon.colcon_core.package_identification:_identify(log) by extension 'ignore'
[0.266s] Level 1:colcon.colcon_core.package_identification:_identify(log) ignored
[0.267s] Level 1:colcon.colcon_core.package_identification:_identify(src) by extensions ['ignore', 'ignore_ament_install']
[0.267s] Level 1:colcon.colcon_core.package_identification:_identify(src) by extension 'ignore'
[0.267s] Level 1:colcon.colcon_core.package_identification:_identify(src) by extension 'ignore_ament_install'
[0.267s] Level 1:colcon.colcon_core.package_identification:_identify(src) by extensions ['colcon_pkg']
[0.267s] Level 1:colcon.colcon_core.package_identification:_identify(src) by extension 'colcon_pkg'
[0.267s] Level 1:colcon.colcon_core.package_identification:_identify(src) by extensions ['colcon_meta']
[0.267s] Level 1:colcon.colcon_core.package_identification:_identify(src) by extension 'colcon_meta'
[0.267s] Level 1:colcon.colcon_core.package_identification:_identify(src) by extensions ['ros']
[0.267s] Level 1:colcon.colcon_core.package_identification:_identify(src) by extension 'ros'
[0.267s] Level 1:colcon.colcon_core.package_identification:_identify(src) by extensions ['cmake', 'python']
[0.267s] Level 1:colcon.colcon_core.package_identification:_identify(src) by extension 'cmake'
[0.267s] Level 1:colcon.colcon_core.package_identification:_identify(src) by extension 'python'
[0.267s] Level 1:colcon.colcon_core.package_identification:_identify(src) by extensions ['python_setup_py']
[0.267s] Level 1:colcon.colcon_core.package_identification:_identify(src) by extension 'python_setup_py'
[0.268s] Level 1:colcon.colcon_core.package_identification:_identify(src/enpm673_final_proj) by extensions ['ignore', 'ignore_ament_install']
[0.268s] Level 1:colcon.colcon_core.package_identification:_identify(src/enpm673_final_proj) by extension 'ignore'
[0.268s] Level 1:colcon.colcon_core.package_identification:_identify(src/enpm673_final_proj) by extension 'ignore_ament_install'
[0.268s] Level 1:colcon.colcon_core.package_identification:_identify(src/enpm673_final_proj) by extensions ['colcon_pkg']
[0.268s] Level 1:colcon.colcon_core.package_identification:_identify(src/enpm673_final_proj) by extension 'colcon_pkg'
[0.268s] Level 1:colcon.colcon_core.package_identification:_identify(src/enpm673_final_proj) by extensions ['colcon_meta']
[0.268s] Level 1:colcon.colcon_core.package_identification:_identify(src/enpm673_final_proj) by extension 'colcon_meta'
[0.268s] Level 1:colcon.colcon_core.package_identification:_identify(src/enpm673_final_proj) by extensions ['ros']
[0.268s] Level 1:colcon.colcon_core.package_identification:_identify(src/enpm673_final_proj) by extension 'ros'
[0.270s] DEBUG:colcon.colcon_core.package_identification:Package 'src/enpm673_final_proj' with type 'ros.ament_cmake' and name 'enpm673_final_proj'
[0.270s] Level 1:colcon.colcon_core.package_discovery:discover_packages(recursive) using defaults
[0.270s] Level 1:colcon.colcon_core.package_discovery:discover_packages(ignore) discover
[0.270s] Level 1:colcon.colcon_core.package_discovery:discover_packages(ignore) using defaults
[0.270s] Level 1:colcon.colcon_core.package_discovery:discover_packages(path) discover
[0.271s] Level 1:colcon.colcon_core.package_discovery:discover_packages(path) using defaults
[0.291s] Level 1:colcon.colcon_core.package_discovery:discover_packages(prefix_path) check parameters
[0.292s] Level 1:colcon.colcon_core.package_discovery:discover_packages(prefix_path) discover
[0.293s] DEBUG:colcon.colcon_installed_package_information.package_discovery:Found 1 installed packages in /home/vboxuser/ENPM673_final_project/group2_ws/install
[0.293s] DEBUG:colcon.colcon_installed_package_information.package_discovery:Found 2 installed packages in /home/vboxuser/ros2_ws/install
[0.294s] DEBUG:colcon.colcon_installed_package_information.package_discovery:Found 279 installed packages in /opt/ros/humble
[0.295s] Level 1:colcon.colcon_core.package_discovery:discover_packages(prefix_path) using defaults
[0.320s] Level 5:colcon.colcon_core.verb:set package 'enpm673_final_proj' build argument 'cmake_args' from command line to 'None'
[0.320s] Level 5:colcon.colcon_core.verb:set package 'enpm673_final_proj' build argument 'cmake_target' from command line to 'None'
[0.320s] Level 5:colcon.colcon_core.verb:set package 'enpm673_final_proj' build argument 'cmake_target_skip_unavailable' from command line to 'False'
[0.320s] Level 5:colcon.colcon_core.verb:set package 'enpm673_final_proj' build argument 'cmake_clean_cache' from command line to 'False'
[0.320s] Level 5:colcon.colcon_core.verb:set package 'enpm673_final_proj' build argument 'cmake_clean_first' from command line to 'False'
[0.320s] Level 5:colcon.colcon_core.verb:set package 'enpm673_final_proj' build argument 'cmake_force_configure' from command line to 'False'
[0.320s] Level 5:colcon.colcon_core.verb:set package 'enpm673_final_proj' build argument 'ament_cmake_args' from command line to 'None'
[0.320s] Level 5:colcon.colcon_core.verb:set package 'enpm673_final_proj' build argument 'catkin_cmake_args' from command line to 'None'
[0.320s] Level 5:colcon.colcon_core.verb:set package 'enpm673_final_proj' build argument 'catkin_skip_building_tests' from command line to 'False'
[0.320s] DEBUG:colcon.colcon_core.verb:Building package 'enpm673_final_proj' with the following arguments: {'ament_cmake_args': None, 'build_base': '/home/vboxuser/ENPM673_final_project/group2_ws/build/enpm673_final_proj', 'catkin_cmake_args': None, 'catkin_skip_building_tests': False, 'cmake_args': None, 'cmake_clean_cache': False, 'cmake_clean_first': False, 'cmake_force_configure': False, 'cmake_target': None, 'cmake_target_skip_unavailable': False, 'install_base': '/home/vboxuser/ENPM673_final_project/group2_ws/install/enpm673_final_proj', 'merge_install': False, 'path': '/home/vboxuser/ENPM673_final_project/group2_ws/src/enpm673_final_proj', 'symlink_install': False, 'test_result_base': None}
[0.320s] INFO:colcon.colcon_core.executor:Executing jobs using 'parallel' executor
[0.323s] DEBUG:colcon.colcon_parallel_executor.executor.parallel:run_until_complete
[0.323s] INFO:colcon.colcon_ros.task.ament_cmake.build:Building ROS package in '/home/vboxuser/ENPM673_final_project/group2_ws/src/enpm673_final_proj' with build type 'ament_cmake'
[0.323s] INFO:colcon.colcon_cmake.task.cmake.build:Building CMake package in '/home/vboxuser/ENPM673_final_project/group2_ws/src/enpm673_final_proj'
[0.324s] INFO:colcon.colcon_core.plugin_system:Skipping extension 'colcon_core.shell.bat': Not used on non-Windows systems
[0.325s] INFO:colcon.colcon_core.shell:Skip shell extension 'powershell' for command environment: Not usable outside of PowerShell
[0.325s] DEBUG:colcon.colcon_core.shell:Skip shell extension 'dsv' for command environment
[0.339s] DEBUG:colcon.colcon_core.event_handler.log_command:Invoking command in '/home/vboxuser/ENPM673_final_project/group2_ws/build/enpm673_final_proj': CMAKE_PREFIX_PATH=${CMAKE_PREFIX_PATH}:/opt/ros/humble /usr/bin/cmake --build /home/vboxuser/ENPM673_final_project/group2_ws/build/enpm673_final_proj -- -j2 -l2
[0.630s] DEBUG:colcon.colcon_core.event_handler.log_command:Invoked command in '/home/vboxuser/ENPM673_final_project/group2_ws/build/enpm673_final_proj' returned '0': CMAKE_PREFIX_PATH=${CMAKE_PREFIX_PATH}:/opt/ros/humble /usr/bin/cmake --build /home/vboxuser/ENPM673_final_project/group2_ws/build/enpm673_final_proj -- -j2 -l2
[0.641s] DEBUG:colcon.colcon_core.event_handler.log_command:Invoking command in '/home/vboxuser/ENPM673_final_project/group2_ws/build/enpm673_final_proj': CMAKE_PREFIX_PATH=${CMAKE_PREFIX_PATH}:/opt/ros/humble /usr/bin/cmake --install /home/vboxuser/ENPM673_final_project/group2_ws/build/enpm673_final_proj
[0.692s] Level 1:colcon.colcon_core.environment:create_environment_scripts_only(enpm673_final_proj)
[0.694s] Level 1:colcon.colcon_core.environment:checking '/home/vboxuser/ENPM673_final_project/group2_ws/install/enpm673_final_proj' for CMake module files
[0.695s] Level 1:colcon.colcon_core.environment:checking '/home/vboxuser/ENPM673_final_project/group2_ws/install/enpm673_final_proj' for CMake config files
[0.695s] Level 1:colcon.colcon_core.shell:create_environment_hook('enpm673_final_proj', 'cmake_prefix_path')
[0.695s] INFO:colcon.colcon_core.shell:Creating environment hook '/home/vboxuser/ENPM673_final_project/group2_ws/install/enpm673_final_proj/share/enpm673_final_proj/hook/cmake_prefix_path.ps1'
[0.695s] INFO:colcon.colcon_core.shell:Creating environment descriptor '/home/vboxuser/ENPM673_final_project/group2_ws/install/enpm673_final_proj/share/enpm673_final_proj/hook/cmake_prefix_path.dsv'
[0.696s] DEBUG:colcon.colcon_core.event_handler.log_command:Invoked command in '/home/vboxuser/ENPM673_final_project/group2_ws/build/enpm673_final_proj' returned '0': CMAKE_PREFIX_PATH=${CMAKE_PREFIX_PATH}:/opt/ros/humble /usr/bin/cmake --install /home/vboxuser/ENPM673_final_project/group2_ws/build/enpm673_final_proj
[0.697s] INFO:colcon.colcon_core.shell:Creating environment hook '/home/vboxuser/ENPM673_final_project/group2_ws/install/enpm673_final_proj/share/enpm673_final_proj/hook/cmake_prefix_path.sh'
[0.698s] Level 1:colcon.colcon_core.environment:checking '/home/vboxuser/ENPM673_final_project/group2_ws/install/enpm673_final_proj/lib'
[0.698s] Level 1:colcon.colcon_core.environment:checking '/home/vboxuser/ENPM673_final_project/group2_ws/install/enpm673_final_proj/bin'
[0.698s] Level 1:colcon.colcon_core.environment:checking '/home/vboxuser/ENPM673_final_project/group2_ws/install/enpm673_final_proj/lib/pkgconfig/enpm673_final_proj.pc'
[0.698s] Level 1:colcon.colcon_core.environment:checking '/home/vboxuser/ENPM673_final_project/group2_ws/install/enpm673_final_proj/lib/python3.10/site-packages'
[0.698s] Level 1:colcon.colcon_core.environment:checking '/home/vboxuser/ENPM673_final_project/group2_ws/install/enpm673_final_proj/bin'
[0.698s] INFO:colcon.colcon_core.shell:Creating package script '/home/vboxuser/ENPM673_final_project/group2_ws/install/enpm673_final_proj/share/enpm673_final_proj/package.ps1'
[0.699s] INFO:colcon.colcon_core.shell:Creating package descriptor '/home/vboxuser/ENPM673_final_project/group2_ws/install/enpm673_final_proj/share/enpm673_final_proj/package.dsv'
[0.700s] INFO:colcon.colcon_core.shell:Creating package script '/home/vboxuser/ENPM673_final_project/group2_ws/install/enpm673_final_proj/share/enpm673_final_proj/package.sh'
[0.700s] INFO:colcon.colcon_core.shell:Creating package script '/home/vboxuser/ENPM673_final_project/group2_ws/install/enpm673_final_proj/share/enpm673_final_proj/package.bash'
[0.701s] INFO:colcon.colcon_core.shell:Creating package script '/home/vboxuser/ENPM673_final_project/group2_ws/install/enpm673_final_proj/share/enpm673_final_proj/package.zsh'
[0.702s] Level 1:colcon.colcon_core.environment:create_file_with_runtime_dependencies(/home/vboxuser/ENPM673_final_project/group2_ws/install/enpm673_final_proj/share/colcon-core/packages/enpm673_final_proj)
[0.703s] Level 1:colcon.colcon_core.environment:create_environment_scripts_only(enpm673_final_proj)
[0.703s] Level 1:colcon.colcon_core.environment:checking '/home/vboxuser/ENPM673_final_project/group2_ws/install/enpm673_final_proj' for CMake module files
[0.703s] Level 1:colcon.colcon_core.environment:checking '/home/vboxuser/ENPM673_final_project/group2_ws/install/enpm673_final_proj' for CMake config files
[0.703s] Level 1:colcon.colcon_core.shell:create_environment_hook('enpm673_final_proj', 'cmake_prefix_path')
[0.703s] INFO:colcon.colcon_core.shell:Creating environment hook '/home/vboxuser/ENPM673_final_project/group2_ws/install/enpm673_final_proj/share/enpm673_final_proj/hook/cmake_prefix_path.ps1'
[0.704s] INFO:colcon.colcon_core.shell:Creating environment descriptor '/home/vboxuser/ENPM673_final_project/group2_ws/install/enpm673_final_proj/share/enpm673_final_proj/hook/cmake_prefix_path.dsv'
[0.704s] INFO:colcon.colcon_core.shell:Creating environment hook '/home/vboxuser/ENPM673_final_project/group2_ws/install/enpm673_final_proj/share/enpm673_final_proj/hook/cmake_prefix_path.sh'
[0.705s] Level 1:colcon.colcon_core.environment:checking '/home/vboxuser/ENPM673_final_project/group2_ws/install/enpm673_final_proj/lib'
[0.705s] Level 1:colcon.colcon_core.environment:checking '/home/vboxuser/ENPM673_final_project/group2_ws/install/enpm673_final_proj/bin'
[0.705s] Level 1:colcon.colcon_core.environment:checking '/home/vboxuser/ENPM673_final_project/group2_ws/install/enpm673_final_proj/lib/pkgconfig/enpm673_final_proj.pc'
[0.705s] Level 1:colcon.colcon_core.environment:checking '/home/vboxuser/ENPM673_final_project/group2_ws/install/enpm673_final_proj/lib/python3.10/site-packages'
[0.706s] Level 1:colcon.colcon_core.environment:checking '/home/vboxuser/ENPM673_final_project/group2_ws/install/enpm673_final_proj/bin'
[0.706s] INFO:colcon.colcon_core.shell:Creating package script '/home/vboxuser/ENPM673_final_project/group2_ws/install/enpm673_final_proj/share/enpm673_final_proj/package.ps1'
[0.706s] INFO:colcon.colcon_core.shell:Creating package descriptor '/home/vboxuser/ENPM673_final_project/group2_ws/install/enpm673_final_proj/share/enpm673_final_proj/package.dsv'
[0.707s] INFO:colcon.colcon_core.shell:Creating package script '/home/vboxuser/ENPM673_final_project/group2_ws/install/enpm673_final_proj/share/enpm673_final_proj/package.sh'
[0.707s] INFO:colcon.colcon_core.shell:Creating package script '/home/vboxuser/ENPM673_final_project/group2_ws/install/enpm673_final_proj/share/enpm673_final_proj/package.bash'
[0.708s] INFO:colcon.colcon_core.shell:Creating package script '/home/vboxuser/ENPM673_final_project/group2_ws/install/enpm673_final_proj/share/enpm673_final_proj/package.zsh'
[0.708s] Level 1:colcon.colcon_core.environment:create_file_with_runtime_dependencies(/home/vboxuser/ENPM673_final_project/group2_ws/install/enpm673_final_proj/share/colcon-core/packages/enpm673_final_proj)
[0.709s] DEBUG:colcon.colcon_parallel_executor.executor.parallel:closing loop
[0.709s] DEBUG:colcon.colcon_parallel_executor.executor.parallel:loop closed
[0.709s] DEBUG:colcon.colcon_parallel_executor.executor.parallel:run_until_complete finished with '0'
[0.709s] DEBUG:colcon.colcon_core.event_reactor:joining thread
[0.714s] INFO:colcon.colcon_core.plugin_system:Skipping extension 'colcon_notification.desktop_notification.terminal_notifier': Not used on non-Darwin systems
[0.715s] INFO:colcon.colcon_core.plugin_system:Skipping extension 'colcon_notification.desktop_notification.win32': Not used on non-Windows systems
[0.715s] INFO:colcon.colcon_notification.desktop_notification:Sending desktop notification using 'notify2'
[0.730s] DEBUG:colcon.colcon_core.event_reactor:joined thread
[0.730s] INFO:colcon.colcon_core.shell:Creating prefix script '/home/vboxuser/ENPM673_final_project/group2_ws/install/local_setup.ps1'
[0.731s] INFO:colcon.colcon_core.shell:Creating prefix util module '/home/vboxuser/ENPM673_final_project/group2_ws/install/_local_setup_util_ps1.py'
[0.732s] INFO:colcon.colcon_core.shell:Creating prefix chain script '/home/vboxuser/ENPM673_final_project/group2_ws/install/setup.ps1'
[0.733s] INFO:colcon.colcon_core.shell:Creating prefix script '/home/vboxuser/ENPM673_final_project/group2_ws/install/local_setup.sh'
[0.735s] INFO:colcon.colcon_core.shell:Creating prefix util module '/home/vboxuser/ENPM673_final_project/group2_ws/install/_local_setup_util_sh.py'
[0.735s] INFO:colcon.colcon_core.shell:Creating prefix chain script '/home/vboxuser/ENPM673_final_project/group2_ws/install/setup.sh'
[0.736s] INFO:colcon.colcon_core.shell:Creating prefix script '/home/vboxuser/ENPM673_final_project/group2_ws/install/local_setup.bash'
[0.737s] INFO:colcon.colcon_core.shell:Creating prefix chain script '/home/vboxuser/ENPM673_final_project/group2_ws/install/setup.bash'
[0.738s] INFO:colcon.colcon_core.shell:Creating prefix script '/home/vboxuser/ENPM673_final_project/group2_ws/install/local_setup.zsh'
[0.739s] INFO:colcon.colcon_core.shell:Creating prefix chain script '/home/vboxuser/ENPM673_final_project/group2_ws/install/setup.zsh'
