[0.020s] Invoking command in '/home/vboxuser/ENPM673_final_project/group2_ws/build/enpm673_final_proj': CMAKE_PREFIX_PATH=${CMAKE_PREFIX_PATH}:/opt/ros/humble /usr/bin/cmake /home/vboxuser/ENPM673_final_project/group2_ws/src/enpm673_final_proj -DCMAKE_INSTALL_PREFIX=/home/vboxuser/ENPM673_final_project/group2_ws/install/enpm673_final_proj
[0.134s] -- The C compiler identification is GNU 11.4.0
[0.217s] -- The CXX compiler identification is GNU 11.4.0
[0.231s] -- Detecting C compiler ABI info
[0.329s] -- Detecting C compiler ABI info - done
[0.329s] -- Check for working C compiler: /usr/bin/cc - skipped
[0.331s] -- Detecting C compile features
[0.331s] -- Detecting C compile features - done
[0.335s] -- Detecting CXX compiler ABI info
[0.415s] -- Detecting CXX compiler ABI info - done
[0.421s] -- Check for working CXX compiler: /usr/bin/c++ - skipped
[0.421s] -- Detecting CXX compile features
[0.421s] -- Detecting CXX compile features - done
[0.425s] -- Found ament_cmake: 1.3.11 (/opt/ros/humble/share/ament_cmake/cmake)
[0.553s] -- Found Python3: /usr/bin/python3 (found version "3.10.12") found components: Interpreter 
[0.636s] -- Found rclcpp: 16.0.12 (/opt/ros/humble/share/rclcpp/cmake)
[0.675s] -- Found rosidl_generator_c: 3.1.6 (/opt/ros/humble/share/rosidl_generator_c/cmake)
[0.680s] -- Found rosidl_adapter: 3.1.6 (/opt/ros/humble/share/rosidl_adapter/cmake)
[0.688s] -- Found rosidl_generator_cpp: 3.1.6 (/opt/ros/humble/share/rosidl_generator_cpp/cmake)
[0.699s] -- Using all available rosidl_typesupport_c: rosidl_typesupport_fastrtps_c;rosidl_typesupport_introspection_c
[0.713s] -- Using all available rosidl_typesupport_cpp: rosidl_typesupport_fastrtps_cpp;rosidl_typesupport_introspection_cpp
[0.754s] -- Found rmw_implementation_cmake: 6.1.2 (/opt/ros/humble/share/rmw_implementation_cmake/cmake)
[0.757s] -- Found rmw_fastrtps_cpp: 6.2.7 (/opt/ros/humble/share/rmw_fastrtps_cpp/cmake)
[0.848s] -- Found OpenSSL: /usr/lib/x86_64-linux-gnu/libcrypto.so (found version "3.0.2")  
[0.865s] -- Found FastRTPS: /opt/ros/humble/include  
[0.906s] -- Using RMW implementation 'rmw_fastrtps_cpp' as default
[0.906s] -- Looking for pthread.h
[0.988s] -- Looking for pthread.h - found
[0.989s] -- Performing Test CMAKE_HAVE_LIBC_PTHREAD
[1.065s] -- Performing Test CMAKE_HAVE_LIBC_PTHREAD - Success
[1.066s] -- Found Threads: TRUE  
[1.108s] -- Found rclpy: 3.3.16 (/opt/ros/humble/share/rclpy/cmake)
[1.114s] [33mCMake Warning (dev) at /usr/share/cmake-3.22/Modules/FindPackageHandleStandardArgs.cmake:438 (message):
[1.114s]   The package name passed to `find_package_handle_standard_args` (PkgConfig)
[1.114s]   does not match the name of the calling package (gazebo).  This can lead to
[1.114s]   problems in calling code that expects `find_package` result variables
[1.114s]   (e.g., `_FOUND`) to follow a certain pattern.
[1.114s] Call Stack (most recent call first):
[1.114s]   /usr/share/cmake-3.22/Modules/FindPkgConfig.cmake:99 (find_package_handle_standard_args)
[1.114s]   /usr/lib/x86_64-linux-gnu/cmake/gazebo/gazebo-config.cmake:72 (include)
[1.115s]   CMakeLists.txt:13 (find_package)
[1.115s] This warning is for project developers.  Use -Wno-dev to suppress it.
[1.115s] [0m
[1.115s] -- Found PkgConfig: /usr/bin/pkg-config (found version "0.29.2") 
[1.116s] -- Checking for module 'bullet>=2.82'
[1.130s] --   Found bullet, version 3.05
[1.285s] -- Found fcl: /usr/include (found suitable version "0.7.0", minimum required is "0.5.0") 
[1.354s] -- Found assimp: /usr/include (found version "5.2.0") 
[1.363s] -- Found DART: /usr/include (Required is at least version "6.6") found components: dart 
[1.388s] -- Found Boost: /usr/lib/x86_64-linux-gnu/cmake/Boost-1.74.0/BoostConfig.cmake (found suitable version "1.74.0", minimum required is "1.40.0") found components: thread system filesystem program_options regex iostreams date_time 
[1.410s] -- Found Protobuf: /usr/lib/x86_64-linux-gnu/libprotobuf.so (found version "3.12.4") 
[1.413s] -- Looking for ignition-math6 -- found version 6.15.1
[1.422s] -- Searching for dependencies of ignition-math6
[1.422s] -- Looking for OGRE...
[1.422s] -- OGRE_PREFIX_WATCH changed.
[1.426s] -- Checking for module 'OGRE'
[1.443s] --   Found OGRE, version 1.9.0
[1.481s] -- Found Ogre Ghadamon (1.9.0)
[1.487s] -- Found OGRE: optimized;/usr/lib/x86_64-linux-gnu/libOgreMain.so;debug;/usr/lib/x86_64-linux-gnu/libOgreMain.so
[1.496s] -- Looking for OGRE_Paging...
[1.500s] -- Found OGRE_Paging: optimized;/usr/lib/x86_64-linux-gnu/libOgrePaging.so;debug;/usr/lib/x86_64-linux-gnu/libOgrePaging.so
[1.500s] -- Looking for OGRE_Terrain...
[1.504s] -- Found OGRE_Terrain: optimized;/usr/lib/x86_64-linux-gnu/libOgreTerrain.so;debug;/usr/lib/x86_64-linux-gnu/libOgreTerrain.so
[1.504s] -- Looking for OGRE_Property...
[1.511s] -- Found OGRE_Property: optimized;/usr/lib/x86_64-linux-gnu/libOgreProperty.so;debug;/usr/lib/x86_64-linux-gnu/libOgreProperty.so
[1.511s] -- Looking for OGRE_RTShaderSystem...
[1.514s] -- Found OGRE_RTShaderSystem: optimized;/usr/lib/x86_64-linux-gnu/libOgreRTShaderSystem.so;debug;/usr/lib/x86_64-linux-gnu/libOgreRTShaderSystem.so
[1.514s] -- Looking for OGRE_Volume...
[1.518s] -- Found OGRE_Volume: optimized;/usr/lib/x86_64-linux-gnu/libOgreVolume.so;debug;/usr/lib/x86_64-linux-gnu/libOgreVolume.so
[1.518s] -- Looking for OGRE_Overlay...
[1.522s] -- Found OGRE_Overlay: optimized;/usr/lib/x86_64-linux-gnu/libOgreOverlay.so;debug;/usr/lib/x86_64-linux-gnu/libOgreOverlay.so
[1.598s] -- Looking for ignition-math6 -- found version 6.15.1
[1.600s] -- Looking for ignition-transport8 -- found version 8.2.1
[1.600s] -- Searching for dependencies of ignition-transport8
[1.615s] -- Found Protobuf: /usr/lib/x86_64-linux-gnu/libprotobuf.so (found suitable version "3.12.4", minimum required is "3") 
[1.622s] -- Config-file not installed for ZeroMQ -- checking for pkg-config
[1.627s] -- Checking for module 'libzmq >= 4'
[1.644s] --   Found libzmq , version 4.3.4
[1.694s] -- Found ZeroMQ: TRUE (Required is at least version "4") 
[1.697s] -- Checking for module 'uuid'
[1.713s] --   Found uuid, version 2.37.2
[1.758s] -- Found UUID: TRUE  
[1.758s] -- Looking for ignition-msgs5 -- found version 5.8.1
[1.759s] -- Searching for dependencies of ignition-msgs5
[1.773s] -- Looking for ignition-math6 -- found version 6.15.1
[1.780s] -- Checking for module 'tinyxml2'
[1.795s] --   Found tinyxml2, version 9.0.0
[1.838s] -- Looking for ignition-msgs5 -- found version 5.8.1
[1.840s] -- Looking for ignition-common3 -- found version 3.14.0
[1.840s] -- Searching for dependencies of ignition-common3
[1.841s] -- Looking for dlfcn.h - found
[1.841s] -- Looking for libdl - found
[1.843s] -- Found DL: TRUE  
[1.854s] -- Found tinyobjloader: /usr/lib/x86_64-linux-gnu/cmake/tinyobjloader/tinyobjloader-config.cmake (found version "2.0.0") 
[1.854s] -- Searching for <ignition-common3> component [graphics]
[1.855s] -- Looking for ignition-common3-graphics -- found version 3.14.0
[1.856s] -- Searching for dependencies of ignition-common3-graphics
[1.863s] -- Looking for ignition-math6 -- found version 6.15.1
[1.863s] -- Looking for ignition-fuel_tools4 -- found version 4.4.0
[1.864s] -- Searching for dependencies of ignition-fuel_tools4
[1.952s] -- Found CURL: /usr/lib/x86_64-linux-gnu/libcurl.so (found version "7.81.0")  
[1.962s] -- Checking for module 'jsoncpp'
[1.976s] --   Found jsoncpp, version 1.9.5
[2.020s] -- Found JSONCPP: TRUE  
[2.026s] -- Checking for module 'libzip'
[2.044s] --   Found libzip, version 1.7.3
[2.091s] -- Found ZIP: TRUE  
[2.092s] -- Looking for ignition-common3 -- found version 3.14.0
[2.092s] -- Looking for ignition-math6 -- found version 6.15.1
[2.092s] -- Looking for ignition-msgs5 -- found version 5.8.1
[2.232s] -- Configuring done
[2.252s] -- Generating done
[2.262s] -- Build files have been written to: /home/vboxuser/ENPM673_final_project/group2_ws/build/enpm673_final_proj
[2.274s] Invoked command in '/home/vboxuser/ENPM673_final_project/group2_ws/build/enpm673_final_proj' returned '0': CMAKE_PREFIX_PATH=${CMAKE_PREFIX_PATH}:/opt/ros/humble /usr/bin/cmake /home/vboxuser/ENPM673_final_project/group2_ws/src/enpm673_final_proj -DCMAKE_INSTALL_PREFIX=/home/vboxuser/ENPM673_final_project/group2_ws/install/enpm673_final_proj
[2.275s] Invoking command in '/home/vboxuser/ENPM673_final_project/group2_ws/build/enpm673_final_proj': CMAKE_PREFIX_PATH=${CMAKE_PREFIX_PATH}:/opt/ros/humble /usr/bin/cmake --build /home/vboxuser/ENPM673_final_project/group2_ws/build/enpm673_final_proj -- -j2 -l2
[2.333s] [ 25%] [32mBuilding CXX object CMakeFiles/cpp_enpm673_final_proj.dir/src/enpm673_final_proj.cpp.o[0m
[2.342s] [ 25%] Built target ament_cmake_python_copy_enpm673_module
[2.377s] [ 75%] [32m[1mLinking CXX executable cpp_enpm673_final_proj[0m
[2.378s] [ 75%] [32mBuilding CXX object CMakeFiles/animated_box.dir/src/animated_box.cpp.o[0m
[2.445s] [ 75%] Built target cpp_enpm673_final_proj
[2.641s] running egg_info
[2.642s] creating enpm673_module.egg-info
[2.642s] writing enpm673_module.egg-info/PKG-INFO
[2.643s] writing dependency_links to enpm673_module.egg-info/dependency_links.txt
[2.643s] writing top-level names to enpm673_module.egg-info/top_level.txt
[2.643s] writing manifest file 'enpm673_module.egg-info/SOURCES.txt'
[2.646s] reading manifest file 'enpm673_module.egg-info/SOURCES.txt'
[2.647s] writing manifest file 'enpm673_module.egg-info/SOURCES.txt'
[2.677s] [ 75%] Built target ament_cmake_python_build_enpm673_module_egg
[12.702s] [100%] [32m[1mLinking CXX shared library libanimated_box.so[0m
[12.835s] [100%] Built target animated_box
[12.850s] Invoked command in '/home/vboxuser/ENPM673_final_project/group2_ws/build/enpm673_final_proj' returned '0': CMAKE_PREFIX_PATH=${CMAKE_PREFIX_PATH}:/opt/ros/humble /usr/bin/cmake --build /home/vboxuser/ENPM673_final_project/group2_ws/build/enpm673_final_proj -- -j2 -l2
[12.858s] Invoking command in '/home/vboxuser/ENPM673_final_project/group2_ws/build/enpm673_final_proj': CMAKE_PREFIX_PATH=${CMAKE_PREFIX_PATH}:/opt/ros/humble /usr/bin/cmake --install /home/vboxuser/ENPM673_final_project/group2_ws/build/enpm673_final_proj
[12.868s] -- Install configuration: ""
[12.868s] -- Installing: /home/vboxuser/ENPM673_final_project/group2_ws/install/enpm673_final_proj/lib/enpm673_final_proj/cpp_enpm673_final_proj
[12.868s] -- Set runtime path of "/home/vboxuser/ENPM673_final_project/group2_ws/install/enpm673_final_proj/lib/enpm673_final_proj/cpp_enpm673_final_proj" to ""
[12.869s] -- Installing: /home/vboxuser/ENPM673_final_project/group2_ws/install/enpm673_final_proj/share/enpm673_final_proj/environment/pythonpath.sh
[12.869s] -- Installing: /home/vboxuser/ENPM673_final_project/group2_ws/install/enpm673_final_proj/share/enpm673_final_proj/environment/pythonpath.dsv
[12.869s] -- Installing: /home/vboxuser/ENPM673_final_project/group2_ws/install/enpm673_final_proj/local/lib/python3.10/dist-packages/enpm673_module-0.0.0-py3.10.egg-info
[12.870s] -- Installing: /home/vboxuser/ENPM673_final_project/group2_ws/install/enpm673_final_proj/local/lib/python3.10/dist-packages/enpm673_module-0.0.0-py3.10.egg-info/top_level.txt
[12.870s] -- Installing: /home/vboxuser/ENPM673_final_project/group2_ws/install/enpm673_final_proj/local/lib/python3.10/dist-packages/enpm673_module-0.0.0-py3.10.egg-info/dependency_links.txt
[12.870s] -- Installing: /home/vboxuser/ENPM673_final_project/group2_ws/install/enpm673_final_proj/local/lib/python3.10/dist-packages/enpm673_module-0.0.0-py3.10.egg-info/SOURCES.txt
[12.870s] -- Installing: /home/vboxuser/ENPM673_final_project/group2_ws/install/enpm673_final_proj/local/lib/python3.10/dist-packages/enpm673_module-0.0.0-py3.10.egg-info/PKG-INFO
[12.870s] -- Installing: /home/vboxuser/ENPM673_final_project/group2_ws/install/enpm673_final_proj/local/lib/python3.10/dist-packages/enpm673_module
[12.871s] -- Installing: /home/vboxuser/ENPM673_final_project/group2_ws/install/enpm673_final_proj/local/lib/python3.10/dist-packages/enpm673_module/enpm673_final_proj.py
[12.871s] -- Installing: /home/vboxuser/ENPM673_final_project/group2_ws/install/enpm673_final_proj/local/lib/python3.10/dist-packages/enpm673_module/__init__.py
[12.900s] Listing '/home/vboxuser/ENPM673_final_project/group2_ws/install/enpm673_final_proj/local/lib/python3.10/dist-packages/enpm673_module'...
[12.901s] Compiling '/home/vboxuser/ENPM673_final_project/group2_ws/install/enpm673_final_proj/local/lib/python3.10/dist-packages/enpm673_module/__init__.py'...
[12.901s] Compiling '/home/vboxuser/ENPM673_final_project/group2_ws/install/enpm673_final_proj/local/lib/python3.10/dist-packages/enpm673_module/enpm673_final_proj.py'...
[12.905s] -- Installing: /home/vboxuser/ENPM673_final_project/group2_ws/install/enpm673_final_proj/lib/enpm673_final_proj/enpm673_final_proj_main.py
[12.905s] -- Installing: /home/vboxuser/ENPM673_final_project/group2_ws/install/enpm673_final_proj/share/enpm673_final_proj/launch/enpm673_world.launch.py
[12.906s] -- Installing: /home/vboxuser/ENPM673_final_project/group2_ws/install/enpm673_final_proj/lib/enpm673_final_proj/libanimated_box.so
[12.907s] -- Installing: /home/vboxuser/ENPM673_final_project/group2_ws/install/enpm673_final_proj/share/enpm673_final_proj/worlds/enpm673.world
[12.908s] -- Installing: /home/vboxuser/ENPM673_final_project/group2_ws/install/enpm673_final_proj/share/enpm673_final_proj/worlds/animated_box.world
[12.908s] -- Installing: /home/vboxuser/ENPM673_final_project/group2_ws/install/enpm673_final_proj/share/enpm673_final_proj//models
[12.909s] -- Installing: /home/vboxuser/ENPM673_final_project/group2_ws/install/enpm673_final_proj/share/enpm673_final_proj//models/floor_tile
[12.909s] -- Installing: /home/vboxuser/ENPM673_final_project/group2_ws/install/enpm673_final_proj/share/enpm673_final_proj//models/floor_tile/model.sdf
[12.909s] -- Installing: /home/vboxuser/ENPM673_final_project/group2_ws/install/enpm673_final_proj/share/enpm673_final_proj//models/floor_tile/model.config
[12.909s] -- Installing: /home/vboxuser/ENPM673_final_project/group2_ws/install/enpm673_final_proj/share/enpm673_final_proj//models/checkerboard_6_8_0_03
[12.909s] -- Installing: /home/vboxuser/ENPM673_final_project/group2_ws/install/enpm673_final_proj/share/enpm673_final_proj//models/checkerboard_6_8_0_03/model.config
[12.909s] -- Installing: /home/vboxuser/ENPM673_final_project/group2_ws/install/enpm673_final_proj/share/enpm673_final_proj//models/checkerboard_6_8_0_03/checkerboard.sdf
[12.910s] -- Installing: /home/vboxuser/ENPM673_final_project/group2_ws/install/enpm673_final_proj/share/enpm673_final_proj//models/lane_markings
[12.910s] -- Installing: /home/vboxuser/ENPM673_final_project/group2_ws/install/enpm673_final_proj/share/enpm673_final_proj//models/lane_markings/model.sdf
[12.910s] -- Installing: /home/vboxuser/ENPM673_final_project/group2_ws/install/enpm673_final_proj/share/enpm673_final_proj//models/lane_markings/model.config
[12.910s] -- Installing: /home/vboxuser/ENPM673_final_project/group2_ws/install/enpm673_final_proj/share/enpm673_final_proj//models/textured_floor
[12.911s] -- Installing: /home/vboxuser/ENPM673_final_project/group2_ws/install/enpm673_final_proj/share/enpm673_final_proj//models/textured_floor/model.sdf
[12.911s] -- Installing: /home/vboxuser/ENPM673_final_project/group2_ws/install/enpm673_final_proj/share/enpm673_final_proj//models/textured_floor/model.config
[12.911s] -- Installing: /home/vboxuser/ENPM673_final_project/group2_ws/install/enpm673_final_proj/share/enpm673_final_proj//models/umd_turtlebot3_waffle_pi
[12.911s] -- Installing: /home/vboxuser/ENPM673_final_project/group2_ws/install/enpm673_final_proj/share/enpm673_final_proj//models/umd_turtlebot3_waffle_pi/model.sdf
[12.912s] -- Installing: /home/vboxuser/ENPM673_final_project/group2_ws/install/enpm673_final_proj/share/enpm673_final_proj//models/umd_turtlebot3_waffle_pi/model.config
[12.912s] -- Installing: /home/vboxuser/ENPM673_final_project/group2_ws/install/enpm673_final_proj/share/enpm673_final_proj//models/paper_letter_size
[12.912s] -- Installing: /home/vboxuser/ENPM673_final_project/group2_ws/install/enpm673_final_proj/share/enpm673_final_proj//models/paper_letter_size/model.sdf
[12.912s] -- Installing: /home/vboxuser/ENPM673_final_project/group2_ws/install/enpm673_final_proj/share/enpm673_final_proj//models/paper_letter_size/model.config
[12.912s] -- Installing: /home/vboxuser/ENPM673_final_project/group2_ws/install/enpm673_final_proj/share/enpm673_final_proj//models/aruco_marker
[12.913s] -- Installing: /home/vboxuser/ENPM673_final_project/group2_ws/install/enpm673_final_proj/share/enpm673_final_proj//models/aruco_marker/materials
[12.913s] -- Installing: /home/vboxuser/ENPM673_final_project/group2_ws/install/enpm673_final_proj/share/enpm673_final_proj//models/aruco_marker/materials/scripts
[12.913s] -- Installing: /home/vboxuser/ENPM673_final_project/group2_ws/install/enpm673_final_proj/share/enpm673_final_proj//models/aruco_marker/materials/scripts/marker.material
[12.913s] -- Installing: /home/vboxuser/ENPM673_final_project/group2_ws/install/enpm673_final_proj/share/enpm673_final_proj//models/aruco_marker/materials/textures
[12.913s] -- Installing: /home/vboxuser/ENPM673_final_project/group2_ws/install/enpm673_final_proj/share/enpm673_final_proj//models/aruco_marker/materials/textures/marker.png
[12.914s] -- Installing: /home/vboxuser/ENPM673_final_project/group2_ws/install/enpm673_final_proj/share/enpm673_final_proj//models/aruco_marker/model.sdf
[12.914s] -- Installing: /home/vboxuser/ENPM673_final_project/group2_ws/install/enpm673_final_proj/share/enpm673_final_proj//models/aruco_marker/model.config
[12.914s] -- Installing: /home/vboxuser/ENPM673_final_project/group2_ws/install/enpm673_final_proj/share/ament_index/resource_index/package_run_dependencies/enpm673_final_proj
[12.915s] -- Installing: /home/vboxuser/ENPM673_final_project/group2_ws/install/enpm673_final_proj/share/ament_index/resource_index/parent_prefix_path/enpm673_final_proj
[12.915s] -- Installing: /home/vboxuser/ENPM673_final_project/group2_ws/install/enpm673_final_proj/share/enpm673_final_proj/environment/ament_prefix_path.sh
[12.915s] -- Installing: /home/vboxuser/ENPM673_final_project/group2_ws/install/enpm673_final_proj/share/enpm673_final_proj/environment/ament_prefix_path.dsv
[12.916s] -- Installing: /home/vboxuser/ENPM673_final_project/group2_ws/install/enpm673_final_proj/share/enpm673_final_proj/environment/path.sh
[12.916s] -- Installing: /home/vboxuser/ENPM673_final_project/group2_ws/install/enpm673_final_proj/share/enpm673_final_proj/environment/path.dsv
[12.917s] -- Installing: /home/vboxuser/ENPM673_final_project/group2_ws/install/enpm673_final_proj/share/enpm673_final_proj/local_setup.bash
[12.917s] -- Installing: /home/vboxuser/ENPM673_final_project/group2_ws/install/enpm673_final_proj/share/enpm673_final_proj/local_setup.sh
[12.918s] -- Installing: /home/vboxuser/ENPM673_final_project/group2_ws/install/enpm673_final_proj/share/enpm673_final_proj/local_setup.zsh
[12.918s] -- Installing: /home/vboxuser/ENPM673_final_project/group2_ws/install/enpm673_final_proj/share/enpm673_final_proj/local_setup.dsv
[12.918s] -- Installing: /home/vboxuser/ENPM673_final_project/group2_ws/install/enpm673_final_proj/share/enpm673_final_proj/package.dsv
[12.919s] -- Installing: /home/vboxuser/ENPM673_final_project/group2_ws/install/enpm673_final_proj/share/ament_index/resource_index/packages/enpm673_final_proj
[12.920s] -- Installing: /home/vboxuser/ENPM673_final_project/group2_ws/install/enpm673_final_proj/share/enpm673_final_proj/cmake/enpm673_final_projConfig.cmake
[12.920s] -- Installing: /home/vboxuser/ENPM673_final_project/group2_ws/install/enpm673_final_proj/share/enpm673_final_proj/cmake/enpm673_final_projConfig-version.cmake
[12.921s] -- Installing: /home/vboxuser/ENPM673_final_project/group2_ws/install/enpm673_final_proj/share/enpm673_final_proj/package.xml
[12.928s] Invoked command in '/home/vboxuser/ENPM673_final_project/group2_ws/build/enpm673_final_proj' returned '0': CMAKE_PREFIX_PATH=${CMAKE_PREFIX_PATH}:/opt/ros/humble /usr/bin/cmake --install /home/vboxuser/ENPM673_final_project/group2_ws/build/enpm673_final_proj
