[0.224s] DEBUG:colcon:Command line arguments: ['/usr/bin/colcon', 'build']
[0.224s] DEBUG:colcon:Parsed command line arguments: Namespace(log_base=None, log_level=None, verb_name='build', build_base='build', install_base='install', merge_install=False, symlink_install=False, test_result_base=None, continue_on_error=False, executor='parallel', parallel_workers=2, event_handlers=None, ignore_user_meta=False, metas=['./colcon.meta'], base_paths=['.'], packages_ignore=None, packages_ignore_regex=None, paths=None, packages_up_to=None, packages_up_to_regex=None, packages_above=None, packages_above_and_dependencies=None, packages_above_depth=None, packages_select_by_dep=None, packages_skip_by_dep=None, packages_skip_up_to=None, packages_select_build_failed=False, packages_skip_build_finished=False, packages_select_test_failures=False, packages_skip_test_passed=False, packages_select=None, packages_skip=None, packages_select_regex=None, packages_skip_regex=None, packages_start=None, packages_end=None, allow_overriding=[], cmake_args=None, cmake_target=None, cmake_target_skip_unavailable=False, cmake_clean_cache=False, cmake_clean_first=False, cmake_force_configure=False, ament_cmake_args=None, catkin_cmake_args=None, catkin_skip_building_tests=False, mixin_files=None, mixin=None, verb_parser=<colcon_mixin.mixin.mixin_argument.MixinArgumentDecorator object at 0x7442a4169930>, verb_extension=<colcon_core.verb.build.BuildVerb object at 0x7442a4266890>, main=<bound method BuildVerb.main of <colcon_core.verb.build.BuildVerb object at 0x7442a4266890>>, mixin_verb=('build',))
[0.441s] Level 1:colcon.colcon_core.package_discovery:discover_packages(colcon_meta) check parameters
[0.441s] Level 1:colcon.colcon_core.package_discovery:discover_packages(recursive) check parameters
[0.441s] Level 1:colcon.colcon_core.package_discovery:discover_packages(ignore) check parameters
[0.441s] Level 1:colcon.colcon_core.package_discovery:discover_packages(path) check parameters
[0.441s] Level 1:colcon.colcon_core.package_discovery:discover_packages(colcon_meta) discover
[0.441s] Level 1:colcon.colcon_core.package_discovery:discover_packages(recursive) discover
[0.441s] INFO:colcon.colcon_core.package_discovery:Crawling recursively for packages in '/home/vboxuser/ENPM673_final_project/group2_ws'
[0.441s] Level 1:colcon.colcon_core.package_identification:_identify(.) by extensions ['ignore', 'ignore_ament_install']
[0.441s] Level 1:colcon.colcon_core.package_identification:_identify(.) by extension 'ignore'
[0.441s] Level 1:colcon.colcon_core.package_identification:_identify(.) by extension 'ignore_ament_install'
[0.442s] Level 1:colcon.colcon_core.package_identification:_identify(.) by extensions ['colcon_pkg']
[0.442s] Level 1:colcon.colcon_core.package_identification:_identify(.) by extension 'colcon_pkg'
[0.442s] Level 1:colcon.colcon_core.package_identification:_identify(.) by extensions ['colcon_meta']
[0.442s] Level 1:colcon.colcon_core.package_identification:_identify(.) by extension 'colcon_meta'
[0.442s] Level 1:colcon.colcon_core.package_identification:_identify(.) by extensions ['ros']
[0.442s] Level 1:colcon.colcon_core.package_identification:_identify(.) by extension 'ros'
[0.459s] Level 1:colcon.colcon_core.package_identification:_identify(.) by extensions ['cmake', 'python']
[0.459s] Level 1:colcon.colcon_core.package_identification:_identify(.) by extension 'cmake'
[0.459s] Level 1:colcon.colcon_core.package_identification:_identify(.) by extension 'python'
[0.459s] Level 1:colcon.colcon_core.package_identification:_identify(.) by extensions ['python_setup_py']
[0.459s] Level 1:colcon.colcon_core.package_identification:_identify(.) by extension 'python_setup_py'
[0.459s] Level 1:colcon.colcon_core.package_identification:_identify(build) by extensions ['ignore', 'ignore_ament_install']
[0.459s] Level 1:colcon.colcon_core.package_identification:_identify(build) by extension 'ignore'
[0.459s] Level 1:colcon.colcon_core.package_identification:_identify(build) ignored
[0.459s] Level 1:colcon.colcon_core.package_identification:_identify(install) by extensions ['ignore', 'ignore_ament_install']
[0.459s] Level 1:colcon.colcon_core.package_identification:_identify(install) by extension 'ignore'
[0.459s] Level 1:colcon.colcon_core.package_identification:_identify(install) ignored
[0.460s] Level 1:colcon.colcon_core.package_identification:_identify(log) by extensions ['ignore', 'ignore_ament_install']
[0.460s] Level 1:colcon.colcon_core.package_identification:_identify(log) by extension 'ignore'
[0.460s] Level 1:colcon.colcon_core.package_identification:_identify(log) ignored
[0.460s] Level 1:colcon.colcon_core.package_identification:_identify(src) by extensions ['ignore', 'ignore_ament_install']
[0.460s] Level 1:colcon.colcon_core.package_identification:_identify(src) by extension 'ignore'
[0.460s] Level 1:colcon.colcon_core.package_identification:_identify(src) by extension 'ignore_ament_install'
[0.460s] Level 1:colcon.colcon_core.package_identification:_identify(src) by extensions ['colcon_pkg']
[0.460s] Level 1:colcon.colcon_core.package_identification:_identify(src) by extension 'colcon_pkg'
[0.460s] Level 1:colcon.colcon_core.package_identification:_identify(src) by extensions ['colcon_meta']
[0.460s] Level 1:colcon.colcon_core.package_identification:_identify(src) by extension 'colcon_meta'
[0.460s] Level 1:colcon.colcon_core.package_identification:_identify(src) by extensions ['ros']
[0.460s] Level 1:colcon.colcon_core.package_identification:_identify(src) by extension 'ros'
[0.460s] Level 1:colcon.colcon_core.package_identification:_identify(src) by extensions ['cmake', 'python']
[0.460s] Level 1:colcon.colcon_core.package_identification:_identify(src) by extension 'cmake'
[0.460s] Level 1:colcon.colcon_core.package_identification:_identify(src) by extension 'python'
[0.460s] Level 1:colcon.colcon_core.package_identification:_identify(src) by extensions ['python_setup_py']
[0.460s] Level 1:colcon.colcon_core.package_identification:_identify(src) by extension 'python_setup_py'
[0.460s] Level 1:colcon.colcon_core.package_identification:_identify(src/enpm673_final_proj) by extensions ['ignore', 'ignore_ament_install']
[0.461s] Level 1:colcon.colcon_core.package_identification:_identify(src/enpm673_final_proj) by extension 'ignore'
[0.461s] Level 1:colcon.colcon_core.package_identification:_identify(src/enpm673_final_proj) by extension 'ignore_ament_install'
[0.461s] Level 1:colcon.colcon_core.package_identification:_identify(src/enpm673_final_proj) by extensions ['colcon_pkg']
[0.461s] Level 1:colcon.colcon_core.package_identification:_identify(src/enpm673_final_proj) by extension 'colcon_pkg'
[0.461s] Level 1:colcon.colcon_core.package_identification:_identify(src/enpm673_final_proj) by extensions ['colcon_meta']
[0.461s] Level 1:colcon.colcon_core.package_identification:_identify(src/enpm673_final_proj) by extension 'colcon_meta'
[0.461s] Level 1:colcon.colcon_core.package_identification:_identify(src/enpm673_final_proj) by extensions ['ros']
[0.461s] Level 1:colcon.colcon_core.package_identification:_identify(src/enpm673_final_proj) by extension 'ros'
[0.464s] DEBUG:colcon.colcon_core.package_identification:Package 'src/enpm673_final_proj' with type 'ros.ament_cmake' and name 'enpm673_final_proj'
[0.464s] Level 1:colcon.colcon_core.package_discovery:discover_packages(recursive) using defaults
[0.464s] Level 1:colcon.colcon_core.package_discovery:discover_packages(ignore) discover
[0.464s] Level 1:colcon.colcon_core.package_discovery:discover_packages(ignore) using defaults
[0.464s] Level 1:colcon.colcon_core.package_discovery:discover_packages(path) discover
[0.464s] Level 1:colcon.colcon_core.package_discovery:discover_packages(path) using defaults
[0.500s] Level 1:colcon.colcon_core.package_discovery:discover_packages(prefix_path) check parameters
[0.500s] Level 1:colcon.colcon_core.package_discovery:discover_packages(prefix_path) discover
[0.502s] DEBUG:colcon.colcon_installed_package_information.package_discovery:Found 2 installed packages in /home/vboxuser/ros2_ws/install
[0.503s] DEBUG:colcon.colcon_installed_package_information.package_discovery:Found 279 installed packages in /opt/ros/humble
[0.504s] Level 1:colcon.colcon_core.package_discovery:discover_packages(prefix_path) using defaults
[0.536s] Level 5:colcon.colcon_core.verb:set package 'enpm673_final_proj' build argument 'cmake_args' from command line to 'None'
[0.536s] Level 5:colcon.colcon_core.verb:set package 'enpm673_final_proj' build argument 'cmake_target' from command line to 'None'
[0.536s] Level 5:colcon.colcon_core.verb:set package 'enpm673_final_proj' build argument 'cmake_target_skip_unavailable' from command line to 'False'
[0.536s] Level 5:colcon.colcon_core.verb:set package 'enpm673_final_proj' build argument 'cmake_clean_cache' from command line to 'False'
[0.536s] Level 5:colcon.colcon_core.verb:set package 'enpm673_final_proj' build argument 'cmake_clean_first' from command line to 'False'
[0.536s] Level 5:colcon.colcon_core.verb:set package 'enpm673_final_proj' build argument 'cmake_force_configure' from command line to 'False'
[0.536s] Level 5:colcon.colcon_core.verb:set package 'enpm673_final_proj' build argument 'ament_cmake_args' from command line to 'None'
[0.536s] Level 5:colcon.colcon_core.verb:set package 'enpm673_final_proj' build argument 'catkin_cmake_args' from command line to 'None'
[0.536s] Level 5:colcon.colcon_core.verb:set package 'enpm673_final_proj' build argument 'catkin_skip_building_tests' from command line to 'False'
[0.536s] DEBUG:colcon.colcon_core.verb:Building package 'enpm673_final_proj' with the following arguments: {'ament_cmake_args': None, 'build_base': '/home/vboxuser/ENPM673_final_project/group2_ws/build/enpm673_final_proj', 'catkin_cmake_args': None, 'catkin_skip_building_tests': False, 'cmake_args': None, 'cmake_clean_cache': False, 'cmake_clean_first': False, 'cmake_force_configure': False, 'cmake_target': None, 'cmake_target_skip_unavailable': False, 'install_base': '/home/vboxuser/ENPM673_final_project/group2_ws/install/enpm673_final_proj', 'merge_install': False, 'path': '/home/vboxuser/ENPM673_final_project/group2_ws/src/enpm673_final_proj', 'symlink_install': False, 'test_result_base': None}
[0.537s] INFO:colcon.colcon_core.executor:Executing jobs using 'parallel' executor
[0.539s] DEBUG:colcon.colcon_parallel_executor.executor.parallel:run_until_complete
[0.539s] INFO:colcon.colcon_ros.task.ament_cmake.build:Building ROS package in '/home/vboxuser/ENPM673_final_project/group2_ws/src/enpm673_final_proj' with build type 'ament_cmake'
[0.539s] INFO:colcon.colcon_cmake.task.cmake.build:Building CMake package in '/home/vboxuser/ENPM673_final_project/group2_ws/src/enpm673_final_proj'
[0.543s] INFO:colcon.colcon_core.plugin_system:Skipping extension 'colcon_core.shell.bat': Not used on non-Windows systems
[0.543s] INFO:colcon.colcon_core.shell:Skip shell extension 'powershell' for command environment: Not usable outside of PowerShell
[0.543s] DEBUG:colcon.colcon_core.shell:Skip shell extension 'dsv' for command environment
[0.571s] DEBUG:colcon.colcon_core.event_handler.log_command:Invoking command in '/home/vboxuser/ENPM673_final_project/group2_ws/build/enpm673_final_proj': CMAKE_PREFIX_PATH=${CMAKE_PREFIX_PATH}:/opt/ros/humble /usr/bin/cmake --build /home/vboxuser/ENPM673_final_project/group2_ws/build/enpm673_final_proj -- -j2 -l2
[1.054s] DEBUG:colcon.colcon_core.event_handler.log_command:Invoked command in '/home/vboxuser/ENPM673_final_project/group2_ws/build/enpm673_final_proj' returned '0': CMAKE_PREFIX_PATH=${CMAKE_PREFIX_PATH}:/opt/ros/humble /usr/bin/cmake --build /home/vboxuser/ENPM673_final_project/group2_ws/build/enpm673_final_proj -- -j2 -l2
[1.069s] DEBUG:colcon.colcon_core.event_handler.log_command:Invoking command in '/home/vboxuser/ENPM673_final_project/group2_ws/build/enpm673_final_proj': CMAKE_PREFIX_PATH=${CMAKE_PREFIX_PATH}:/opt/ros/humble /usr/bin/cmake --install /home/vboxuser/ENPM673_final_project/group2_ws/build/enpm673_final_proj
[1.132s] Level 1:colcon.colcon_core.environment:create_environment_scripts_only(enpm673_final_proj)
[1.134s] Level 1:colcon.colcon_core.environment:checking '/home/vboxuser/ENPM673_final_project/group2_ws/install/enpm673_final_proj' for CMake module files
[1.135s] Level 1:colcon.colcon_core.environment:checking '/home/vboxuser/ENPM673_final_project/group2_ws/install/enpm673_final_proj' for CMake config files
[1.135s] Level 1:colcon.colcon_core.shell:create_environment_hook('enpm673_final_proj', 'cmake_prefix_path')
[1.135s] INFO:colcon.colcon_core.shell:Creating environment hook '/home/vboxuser/ENPM673_final_project/group2_ws/install/enpm673_final_proj/share/enpm673_final_proj/hook/cmake_prefix_path.ps1'
[1.137s] DEBUG:colcon.colcon_core.event_handler.log_command:Invoked command in '/home/vboxuser/ENPM673_final_project/group2_ws/build/enpm673_final_proj' returned '0': CMAKE_PREFIX_PATH=${CMAKE_PREFIX_PATH}:/opt/ros/humble /usr/bin/cmake --install /home/vboxuser/ENPM673_final_project/group2_ws/build/enpm673_final_proj
[1.137s] INFO:colcon.colcon_core.shell:Creating environment descriptor '/home/vboxuser/ENPM673_final_project/group2_ws/install/enpm673_final_proj/share/enpm673_final_proj/hook/cmake_prefix_path.dsv'
[1.138s] INFO:colcon.colcon_core.shell:Creating environment hook '/home/vboxuser/ENPM673_final_project/group2_ws/install/enpm673_final_proj/share/enpm673_final_proj/hook/cmake_prefix_path.sh'
[1.139s] Level 1:colcon.colcon_core.environment:checking '/home/vboxuser/ENPM673_final_project/group2_ws/install/enpm673_final_proj/lib'
[1.139s] Level 1:colcon.colcon_core.environment:checking '/home/vboxuser/ENPM673_final_project/group2_ws/install/enpm673_final_proj/bin'
[1.140s] Level 1:colcon.colcon_core.environment:checking '/home/vboxuser/ENPM673_final_project/group2_ws/install/enpm673_final_proj/lib/pkgconfig/enpm673_final_proj.pc'
[1.140s] Level 1:colcon.colcon_core.environment:checking '/home/vboxuser/ENPM673_final_project/group2_ws/install/enpm673_final_proj/lib/python3.10/site-packages'
[1.140s] Level 1:colcon.colcon_core.environment:checking '/home/vboxuser/ENPM673_final_project/group2_ws/install/enpm673_final_proj/bin'
[1.140s] INFO:colcon.colcon_core.shell:Creating package script '/home/vboxuser/ENPM673_final_project/group2_ws/install/enpm673_final_proj/share/enpm673_final_proj/package.ps1'
[1.141s] INFO:colcon.colcon_core.shell:Creating package descriptor '/home/vboxuser/ENPM673_final_project/group2_ws/install/enpm673_final_proj/share/enpm673_final_proj/package.dsv'
[1.142s] INFO:colcon.colcon_core.shell:Creating package script '/home/vboxuser/ENPM673_final_project/group2_ws/install/enpm673_final_proj/share/enpm673_final_proj/package.sh'
[1.145s] INFO:colcon.colcon_core.shell:Creating package script '/home/vboxuser/ENPM673_final_project/group2_ws/install/enpm673_final_proj/share/enpm673_final_proj/package.bash'
[1.146s] INFO:colcon.colcon_core.shell:Creating package script '/home/vboxuser/ENPM673_final_project/group2_ws/install/enpm673_final_proj/share/enpm673_final_proj/package.zsh'
[1.148s] Level 1:colcon.colcon_core.environment:create_file_with_runtime_dependencies(/home/vboxuser/ENPM673_final_project/group2_ws/install/enpm673_final_proj/share/colcon-core/packages/enpm673_final_proj)
[1.151s] Level 1:colcon.colcon_core.environment:create_environment_scripts_only(enpm673_final_proj)
[1.151s] Level 1:colcon.colcon_core.environment:checking '/home/vboxuser/ENPM673_final_project/group2_ws/install/enpm673_final_proj' for CMake module files
[1.152s] Level 1:colcon.colcon_core.environment:checking '/home/vboxuser/ENPM673_final_project/group2_ws/install/enpm673_final_proj' for CMake config files
[1.153s] Level 1:colcon.colcon_core.shell:create_environment_hook('enpm673_final_proj', 'cmake_prefix_path')
[1.153s] INFO:colcon.colcon_core.shell:Creating environment hook '/home/vboxuser/ENPM673_final_project/group2_ws/install/enpm673_final_proj/share/enpm673_final_proj/hook/cmake_prefix_path.ps1'
[1.153s] INFO:colcon.colcon_core.shell:Creating environment descriptor '/home/vboxuser/ENPM673_final_project/group2_ws/install/enpm673_final_proj/share/enpm673_final_proj/hook/cmake_prefix_path.dsv'
[1.155s] INFO:colcon.colcon_core.shell:Creating environment hook '/home/vboxuser/ENPM673_final_project/group2_ws/install/enpm673_final_proj/share/enpm673_final_proj/hook/cmake_prefix_path.sh'
[1.156s] Level 1:colcon.colcon_core.environment:checking '/home/vboxuser/ENPM673_final_project/group2_ws/install/enpm673_final_proj/lib'
[1.156s] Level 1:colcon.colcon_core.environment:checking '/home/vboxuser/ENPM673_final_project/group2_ws/install/enpm673_final_proj/bin'
[1.156s] Level 1:colcon.colcon_core.environment:checking '/home/vboxuser/ENPM673_final_project/group2_ws/install/enpm673_final_proj/lib/pkgconfig/enpm673_final_proj.pc'
[1.157s] Level 1:colcon.colcon_core.environment:checking '/home/vboxuser/ENPM673_final_project/group2_ws/install/enpm673_final_proj/lib/python3.10/site-packages'
[1.157s] Level 1:colcon.colcon_core.environment:checking '/home/vboxuser/ENPM673_final_project/group2_ws/install/enpm673_final_proj/bin'
[1.158s] INFO:colcon.colcon_core.shell:Creating package script '/home/vboxuser/ENPM673_final_project/group2_ws/install/enpm673_final_proj/share/enpm673_final_proj/package.ps1'
[1.158s] INFO:colcon.colcon_core.shell:Creating package descriptor '/home/vboxuser/ENPM673_final_project/group2_ws/install/enpm673_final_proj/share/enpm673_final_proj/package.dsv'
[1.159s] INFO:colcon.colcon_core.shell:Creating package script '/home/vboxuser/ENPM673_final_project/group2_ws/install/enpm673_final_proj/share/enpm673_final_proj/package.sh'
[1.160s] INFO:colcon.colcon_core.shell:Creating package script '/home/vboxuser/ENPM673_final_project/group2_ws/install/enpm673_final_proj/share/enpm673_final_proj/package.bash'
[1.160s] INFO:colcon.colcon_core.shell:Creating package script '/home/vboxuser/ENPM673_final_project/group2_ws/install/enpm673_final_proj/share/enpm673_final_proj/package.zsh'
[1.161s] Level 1:colcon.colcon_core.environment:create_file_with_runtime_dependencies(/home/vboxuser/ENPM673_final_project/group2_ws/install/enpm673_final_proj/share/colcon-core/packages/enpm673_final_proj)
[1.162s] DEBUG:colcon.colcon_parallel_executor.executor.parallel:closing loop
[1.162s] DEBUG:colcon.colcon_parallel_executor.executor.parallel:loop closed
[1.162s] DEBUG:colcon.colcon_parallel_executor.executor.parallel:run_until_complete finished with '0'
[1.162s] DEBUG:colcon.colcon_core.event_reactor:joining thread
[1.169s] INFO:colcon.colcon_core.plugin_system:Skipping extension 'colcon_notification.desktop_notification.terminal_notifier': Not used on non-Darwin systems
[1.169s] INFO:colcon.colcon_core.plugin_system:Skipping extension 'colcon_notification.desktop_notification.win32': Not used on non-Windows systems
[1.169s] INFO:colcon.colcon_notification.desktop_notification:Sending desktop notification using 'notify2'
[1.201s] DEBUG:colcon.colcon_core.event_reactor:joined thread
[1.201s] INFO:colcon.colcon_core.shell:Creating prefix script '/home/vboxuser/ENPM673_final_project/group2_ws/install/local_setup.ps1'
[1.202s] INFO:colcon.colcon_core.shell:Creating prefix util module '/home/vboxuser/ENPM673_final_project/group2_ws/install/_local_setup_util_ps1.py'
[1.207s] INFO:colcon.colcon_core.shell:Creating prefix chain script '/home/vboxuser/ENPM673_final_project/group2_ws/install/setup.ps1'
[1.209s] INFO:colcon.colcon_core.shell:Creating prefix script '/home/vboxuser/ENPM673_final_project/group2_ws/install/local_setup.sh'
[1.210s] INFO:colcon.colcon_core.shell:Creating prefix util module '/home/vboxuser/ENPM673_final_project/group2_ws/install/_local_setup_util_sh.py'
[1.211s] INFO:colcon.colcon_core.shell:Creating prefix chain script '/home/vboxuser/ENPM673_final_project/group2_ws/install/setup.sh'
[1.213s] INFO:colcon.colcon_core.shell:Creating prefix script '/home/vboxuser/ENPM673_final_project/group2_ws/install/local_setup.bash'
[1.214s] INFO:colcon.colcon_core.shell:Creating prefix chain script '/home/vboxuser/ENPM673_final_project/group2_ws/install/setup.bash'
[1.217s] INFO:colcon.colcon_core.shell:Creating prefix script '/home/vboxuser/ENPM673_final_project/group2_ws/install/local_setup.zsh'
[1.217s] INFO:colcon.colcon_core.shell:Creating prefix chain script '/home/vboxuser/ENPM673_final_project/group2_ws/install/setup.zsh'
