-- Found ament_cmake: 1.3.11 (/opt/ros/humble/share/ament_cmake/cmake)
-- Found rclcpp: 16.0.12 (/opt/ros/humble/share/rclcpp/cmake)
-- Found rosidl_generator_c: 3.1.6 (/opt/ros/humble/share/rosidl_generator_c/cmake)
-- Found rosidl_adapter: 3.1.6 (/opt/ros/humble/share/rosidl_adapter/cmake)
-- Found rosidl_generator_cpp: 3.1.6 (/opt/ros/humble/share/rosidl_generator_cpp/cmake)
-- Using all available rosidl_typesupport_c: rosidl_typesupport_fastrtps_c;rosidl_typesupport_introspection_c
-- Using all available rosidl_typesupport_cpp: rosidl_typesupport_fastrtps_cpp;rosidl_typesupport_introspection_cpp
-- Found rmw_implementation_cmake: 6.1.2 (/opt/ros/humble/share/rmw_implementation_cmake/cmake)
-- Found rmw_fastrtps_cpp: 6.2.7 (/opt/ros/humble/share/rmw_fastrtps_cpp/cmake)
-- Using RMW implementation 'rmw_fastrtps_cpp' as default
-- Found rclpy: 3.3.16 (/opt/ros/humble/share/rclpy/cmake)
[33mCMake Warning (dev) at /usr/share/cmake-3.22/Modules/FindPackageHandleStandardArgs.cmake:438 (message):
  The package name passed to `find_package_handle_standard_args` (PkgConfig)
  does not match the name of the calling package (gazebo).  This can lead to
  problems in calling code that expects `find_package` result variables
  (e.g., `_FOUND`) to follow a certain pattern.
Call Stack (most recent call first):
  /usr/share/cmake-3.22/Modules/FindPkgConfig.cmake:99 (find_package_handle_standard_args)
  /usr/lib/x86_64-linux-gnu/cmake/gazebo/gazebo-config.cmake:72 (include)
  CMakeLists.txt:13 (find_package)
This warning is for project developers.  Use -Wno-dev to suppress it.
[0m
-- Found DART: /usr/include (Required is at least version "6.6") found components: dart 
-- Found Protobuf: /usr/lib/x86_64-linux-gnu/libprotobuf.so (found version "3.12.4") 
-- Looking for ignition-math6 -- found version 6.15.1
-- Searching for dependencies of ignition-math6
-- Looking for OGRE...
-- Found Ogre Ghadamon (1.9.0)
-- Found OGRE: optimized;/usr/lib/x86_64-linux-gnu/libOgreMain.so;debug;/usr/lib/x86_64-linux-gnu/libOgreMain.so
-- Looking for OGRE_Paging...
-- Found OGRE_Paging: optimized;/usr/lib/x86_64-linux-gnu/libOgrePaging.so;debug;/usr/lib/x86_64-linux-gnu/libOgrePaging.so
-- Looking for OGRE_Terrain...
-- Found OGRE_Terrain: optimized;/usr/lib/x86_64-linux-gnu/libOgreTerrain.so;debug;/usr/lib/x86_64-linux-gnu/libOgreTerrain.so
-- Looking for OGRE_Property...
-- Found OGRE_Property: optimized;/usr/lib/x86_64-linux-gnu/libOgreProperty.so;debug;/usr/lib/x86_64-linux-gnu/libOgreProperty.so
-- Looking for OGRE_RTShaderSystem...
-- Found OGRE_RTShaderSystem: optimized;/usr/lib/x86_64-linux-gnu/libOgreRTShaderSystem.so;debug;/usr/lib/x86_64-linux-gnu/libOgreRTShaderSystem.so
-- Looking for OGRE_Volume...
-- Found OGRE_Volume: optimized;/usr/lib/x86_64-linux-gnu/libOgreVolume.so;debug;/usr/lib/x86_64-linux-gnu/libOgreVolume.so
-- Looking for OGRE_Overlay...
-- Found OGRE_Overlay: optimized;/usr/lib/x86_64-linux-gnu/libOgreOverlay.so;debug;/usr/lib/x86_64-linux-gnu/libOgreOverlay.so
-- Looking for ignition-math6 -- found version 6.15.1
-- Looking for ignition-transport8 -- found version 8.2.1
-- Searching for dependencies of ignition-transport8
-- Found Protobuf: /usr/lib/x86_64-linux-gnu/libprotobuf.so (found suitable version "3.12.4", minimum required is "3") 
-- Config-file not installed for ZeroMQ -- checking for pkg-config
-- Checking for module 'libzmq >= 4'
--   Found libzmq , version 4.3.4
-- Checking for module 'uuid'
--   Found uuid, version 2.37.2
-- Looking for ignition-msgs5 -- found version 5.8.1
-- Searching for dependencies of ignition-msgs5
-- Looking for ignition-math6 -- found version 6.15.1
-- Checking for module 'tinyxml2'
--   Found tinyxml2, version 9.0.0
-- Looking for ignition-msgs5 -- found version 5.8.1
-- Looking for ignition-common3 -- found version 3.14.0
-- Searching for dependencies of ignition-common3
-- Looking for dlfcn.h - found
-- Looking for libdl - found
-- Searching for <ignition-common3> component [graphics]
-- Looking for ignition-common3-graphics -- found version 3.14.0
-- Searching for dependencies of ignition-common3-graphics
-- Looking for ignition-math6 -- found version 6.15.1
-- Looking for ignition-fuel_tools4 -- found version 4.4.0
-- Searching for dependencies of ignition-fuel_tools4
-- Checking for module 'jsoncpp'
--   Found jsoncpp, version 1.9.5
-- Checking for module 'libzip'
--   Found libzip, version 1.7.3
-- Looking for ignition-common3 -- found version 3.14.0
-- Looking for ignition-math6 -- found version 6.15.1
-- Looking for ignition-msgs5 -- found version 5.8.1
-- Configuring done
-- Generating done
-- Build files have been written to: /home/vboxuser/ENPM673_final_project/group2_ws/build/enpm673_final_proj
[35m[1mConsolidate compiler generated dependencies of target cpp_enpm673_final_proj[0m
[  0%] Built target ament_cmake_python_copy_enpm673_module
[ 50%] Built target cpp_enpm673_final_proj
[35m[1mConsolidate compiler generated dependencies of target animated_box[0m
running egg_info
writing enpm673_module.egg-info/PKG-INFO
writing dependency_links to enpm673_module.egg-info/dependency_links.txt
writing top-level names to enpm673_module.egg-info/top_level.txt
reading manifest file 'enpm673_module.egg-info/SOURCES.txt'
[100%] Built target animated_box
writing manifest file 'enpm673_module.egg-info/SOURCES.txt'
[100%] Built target ament_cmake_python_build_enpm673_module_egg
-- Install configuration: ""
-- Up-to-date: /home/vboxuser/ENPM673_final_project/group2_ws/install/enpm673_final_proj/lib/enpm673_final_proj/cpp_enpm673_final_proj
-- Up-to-date: /home/vboxuser/ENPM673_final_project/group2_ws/install/enpm673_final_proj/share/enpm673_final_proj/environment/pythonpath.sh
-- Installing: /home/vboxuser/ENPM673_final_project/group2_ws/install/enpm673_final_proj/share/enpm673_final_proj/environment/pythonpath.dsv
-- Up-to-date: /home/vboxuser/ENPM673_final_project/group2_ws/install/enpm673_final_proj/local/lib/python3.10/dist-packages/enpm673_module-0.0.0-py3.10.egg-info
-- Installing: /home/vboxuser/ENPM673_final_project/group2_ws/install/enpm673_final_proj/local/lib/python3.10/dist-packages/enpm673_module-0.0.0-py3.10.egg-info/top_level.txt
-- Installing: /home/vboxuser/ENPM673_final_project/group2_ws/install/enpm673_final_proj/local/lib/python3.10/dist-packages/enpm673_module-0.0.0-py3.10.egg-info/dependency_links.txt
-- Installing: /home/vboxuser/ENPM673_final_project/group2_ws/install/enpm673_final_proj/local/lib/python3.10/dist-packages/enpm673_module-0.0.0-py3.10.egg-info/SOURCES.txt
-- Installing: /home/vboxuser/ENPM673_final_project/group2_ws/install/enpm673_final_proj/local/lib/python3.10/dist-packages/enpm673_module-0.0.0-py3.10.egg-info/PKG-INFO
-- Up-to-date: /home/vboxuser/ENPM673_final_project/group2_ws/install/enpm673_final_proj/local/lib/python3.10/dist-packages/enpm673_module
-- Up-to-date: /home/vboxuser/ENPM673_final_project/group2_ws/install/enpm673_final_proj/local/lib/python3.10/dist-packages/enpm673_module/enpm673_final_proj.py
-- Up-to-date: /home/vboxuser/ENPM673_final_project/group2_ws/install/enpm673_final_proj/local/lib/python3.10/dist-packages/enpm673_module/__init__.py
Listing '/home/vboxuser/ENPM673_final_project/group2_ws/install/enpm673_final_proj/local/lib/python3.10/dist-packages/enpm673_module'...
-- Up-to-date: /home/vboxuser/ENPM673_final_project/group2_ws/install/enpm673_final_proj/lib/enpm673_final_proj/enpm673_final_proj_main.py
-- Installing: /home/vboxuser/ENPM673_final_project/group2_ws/install/enpm673_final_proj/lib/enpm673_final_proj/directional_motion.py
-- Installing: /home/vboxuser/ENPM673_final_project/group2_ws/install/enpm673_final_proj/lib/enpm673_final_proj/directional_motion_tb1.py
-- Installing: /home/vboxuser/ENPM673_final_project/group2_ws/install/enpm673_final_proj/lib/enpm673_final_proj/directional_motion_tb2.py
-- Up-to-date: /home/vboxuser/ENPM673_final_project/group2_ws/install/enpm673_final_proj/share/enpm673_final_proj/launch/enpm673_world.launch.py
-- Up-to-date: /home/vboxuser/ENPM673_final_project/group2_ws/install/enpm673_final_proj/lib/enpm673_final_proj/libanimated_box.so
-- Up-to-date: /home/vboxuser/ENPM673_final_project/group2_ws/install/enpm673_final_proj/share/enpm673_final_proj/worlds/enpm673.world
-- Up-to-date: /home/vboxuser/ENPM673_final_project/group2_ws/install/enpm673_final_proj/share/enpm673_final_proj/worlds/animated_box.world
-- Up-to-date: /home/vboxuser/ENPM673_final_project/group2_ws/install/enpm673_final_proj/share/enpm673_final_proj//models
-- Up-to-date: /home/vboxuser/ENPM673_final_project/group2_ws/install/enpm673_final_proj/share/enpm673_final_proj//models/floor_tile
-- Up-to-date: /home/vboxuser/ENPM673_final_project/group2_ws/install/enpm673_final_proj/share/enpm673_final_proj//models/floor_tile/model.sdf
-- Up-to-date: /home/vboxuser/ENPM673_final_project/group2_ws/install/enpm673_final_proj/share/enpm673_final_proj//models/floor_tile/model.config
-- Up-to-date: /home/vboxuser/ENPM673_final_project/group2_ws/install/enpm673_final_proj/share/enpm673_final_proj//models/checkerboard_6_8_0_03
-- Up-to-date: /home/vboxuser/ENPM673_final_project/group2_ws/install/enpm673_final_proj/share/enpm673_final_proj//models/checkerboard_6_8_0_03/model.config
-- Up-to-date: /home/vboxuser/ENPM673_final_project/group2_ws/install/enpm673_final_proj/share/enpm673_final_proj//models/checkerboard_6_8_0_03/checkerboard.sdf
-- Up-to-date: /home/vboxuser/ENPM673_final_project/group2_ws/install/enpm673_final_proj/share/enpm673_final_proj//models/lane_markings
-- Up-to-date: /home/vboxuser/ENPM673_final_project/group2_ws/install/enpm673_final_proj/share/enpm673_final_proj//models/lane_markings/model.sdf
-- Up-to-date: /home/vboxuser/ENPM673_final_project/group2_ws/install/enpm673_final_proj/share/enpm673_final_proj//models/lane_markings/model.config
-- Up-to-date: /home/vboxuser/ENPM673_final_project/group2_ws/install/enpm673_final_proj/share/enpm673_final_proj//models/textured_floor
-- Up-to-date: /home/vboxuser/ENPM673_final_project/group2_ws/install/enpm673_final_proj/share/enpm673_final_proj//models/textured_floor/model.sdf
-- Up-to-date: /home/vboxuser/ENPM673_final_project/group2_ws/install/enpm673_final_proj/share/enpm673_final_proj//models/textured_floor/model.config
-- Up-to-date: /home/vboxuser/ENPM673_final_project/group2_ws/install/enpm673_final_proj/share/enpm673_final_proj//models/umd_turtlebot3_waffle_pi
-- Up-to-date: /home/vboxuser/ENPM673_final_project/group2_ws/install/enpm673_final_proj/share/enpm673_final_proj//models/umd_turtlebot3_waffle_pi/model.sdf
-- Up-to-date: /home/vboxuser/ENPM673_final_project/group2_ws/install/enpm673_final_proj/share/enpm673_final_proj//models/umd_turtlebot3_waffle_pi/model.config
-- Up-to-date: /home/vboxuser/ENPM673_final_project/group2_ws/install/enpm673_final_proj/share/enpm673_final_proj//models/paper_letter_size
-- Up-to-date: /home/vboxuser/ENPM673_final_project/group2_ws/install/enpm673_final_proj/share/enpm673_final_proj//models/paper_letter_size/model.sdf
-- Up-to-date: /home/vboxuser/ENPM673_final_project/group2_ws/install/enpm673_final_proj/share/enpm673_final_proj//models/paper_letter_size/model.config
-- Up-to-date: /home/vboxuser/ENPM673_final_project/group2_ws/install/enpm673_final_proj/share/enpm673_final_proj//models/aruco_marker
-- Up-to-date: /home/vboxuser/ENPM673_final_project/group2_ws/install/enpm673_final_proj/share/enpm673_final_proj//models/aruco_marker/materials
-- Up-to-date: /home/vboxuser/ENPM673_final_project/group2_ws/install/enpm673_final_proj/share/enpm673_final_proj//models/aruco_marker/materials/scripts
-- Up-to-date: /home/vboxuser/ENPM673_final_project/group2_ws/install/enpm673_final_proj/share/enpm673_final_proj//models/aruco_marker/materials/scripts/marker.material
-- Up-to-date: /home/vboxuser/ENPM673_final_project/group2_ws/install/enpm673_final_proj/share/enpm673_final_proj//models/aruco_marker/materials/textures
-- Up-to-date: /home/vboxuser/ENPM673_final_project/group2_ws/install/enpm673_final_proj/share/enpm673_final_proj//models/aruco_marker/materials/textures/marker.png
-- Up-to-date: /home/vboxuser/ENPM673_final_project/group2_ws/install/enpm673_final_proj/share/enpm673_final_proj//models/aruco_marker/model.sdf
-- Up-to-date: /home/vboxuser/ENPM673_final_project/group2_ws/install/enpm673_final_proj/share/enpm673_final_proj//models/aruco_marker/model.config
-- Up-to-date: /home/vboxuser/ENPM673_final_project/group2_ws/install/enpm673_final_proj/share/ament_index/resource_index/package_run_dependencies/enpm673_final_proj
-- Installing: /home/vboxuser/ENPM673_final_project/group2_ws/install/enpm673_final_proj/share/ament_index/resource_index/parent_prefix_path/enpm673_final_proj
-- Up-to-date: /home/vboxuser/ENPM673_final_project/group2_ws/install/enpm673_final_proj/share/enpm673_final_proj/environment/ament_prefix_path.sh
-- Installing: /home/vboxuser/ENPM673_final_project/group2_ws/install/enpm673_final_proj/share/enpm673_final_proj/environment/ament_prefix_path.dsv
-- Up-to-date: /home/vboxuser/ENPM673_final_project/group2_ws/install/enpm673_final_proj/share/enpm673_final_proj/environment/path.sh
-- Installing: /home/vboxuser/ENPM673_final_project/group2_ws/install/enpm673_final_proj/share/enpm673_final_proj/environment/path.dsv
-- Up-to-date: /home/vboxuser/ENPM673_final_project/group2_ws/install/enpm673_final_proj/share/enpm673_final_proj/local_setup.bash
-- Up-to-date: /home/vboxuser/ENPM673_final_project/group2_ws/install/enpm673_final_proj/share/enpm673_final_proj/local_setup.sh
-- Up-to-date: /home/vboxuser/ENPM673_final_project/group2_ws/install/enpm673_final_proj/share/enpm673_final_proj/local_setup.zsh
-- Installing: /home/vboxuser/ENPM673_final_project/group2_ws/install/enpm673_final_proj/share/enpm673_final_proj/local_setup.dsv
-- Installing: /home/vboxuser/ENPM673_final_project/group2_ws/install/enpm673_final_proj/share/enpm673_final_proj/package.dsv
-- Up-to-date: /home/vboxuser/ENPM673_final_project/group2_ws/install/enpm673_final_proj/share/ament_index/resource_index/packages/enpm673_final_proj
-- Up-to-date: /home/vboxuser/ENPM673_final_project/group2_ws/install/enpm673_final_proj/share/enpm673_final_proj/cmake/enpm673_final_projConfig.cmake
-- Up-to-date: /home/vboxuser/ENPM673_final_project/group2_ws/install/enpm673_final_proj/share/enpm673_final_proj/cmake/enpm673_final_projConfig-version.cmake
-- Up-to-date: /home/vboxuser/ENPM673_final_project/group2_ws/install/enpm673_final_proj/share/enpm673_final_proj/package.xml
