[0.052s] Invoking command in '/home/vboxuser/ENPM673_final_project/group2_ws/build/enpm673_final_proj': CMAKE_PREFIX_PATH=${CMAKE_PREFIX_PATH}:/opt/ros/humble /usr/bin/cmake --build /home/vboxuser/ENPM673_final_project/group2_ws/build/enpm673_final_proj -- -j2 -l2
[0.331s] -- Found ament_cmake: 1.3.11 (/opt/ros/humble/share/ament_cmake/cmake)
[0.631s] -- Found rclcpp: 16.0.12 (/opt/ros/humble/share/rclcpp/cmake)
[0.744s] -- Found rosidl_generator_c: 3.1.6 (/opt/ros/humble/share/rosidl_generator_c/cmake)
[0.757s] -- Found rosidl_adapter: 3.1.6 (/opt/ros/humble/share/rosidl_adapter/cmake)
[0.776s] -- Found rosidl_generator_cpp: 3.1.6 (/opt/ros/humble/share/rosidl_generator_cpp/cmake)
[0.806s] -- Using all available rosidl_typesupport_c: rosidl_typesupport_fastrtps_c;rosidl_typesupport_introspection_c
[0.843s] -- Using all available rosidl_typesupport_cpp: rosidl_typesupport_fastrtps_cpp;rosidl_typesupport_introspection_cpp
[0.935s] -- Found rmw_implementation_cmake: 6.1.2 (/opt/ros/humble/share/rmw_implementation_cmake/cmake)
[0.940s] -- Found rmw_fastrtps_cpp: 6.2.7 (/opt/ros/humble/share/rmw_fastrtps_cpp/cmake)
[1.110s] -- Using RMW implementation 'rmw_fastrtps_cpp' as default
[1.246s] -- Found rclpy: 3.3.16 (/opt/ros/humble/share/rclpy/cmake)
[1.257s] [33mCMake Warning (dev) at /usr/share/cmake-3.22/Modules/FindPackageHandleStandardArgs.cmake:438 (message):
[1.257s]   The package name passed to `find_package_handle_standard_args` (PkgConfig)
[1.257s]   does not match the name of the calling package (gazebo).  This can lead to
[1.257s]   problems in calling code that expects `find_package` result variables
[1.257s]   (e.g., `_FOUND`) to follow a certain pattern.
[1.257s] Call Stack (most recent call first):
[1.257s]   /usr/share/cmake-3.22/Modules/FindPkgConfig.cmake:99 (find_package_handle_standard_args)
[1.257s]   /usr/lib/x86_64-linux-gnu/cmake/gazebo/gazebo-config.cmake:72 (include)
[1.258s]   CMakeLists.txt:13 (find_package)
[1.258s] This warning is for project developers.  Use -Wno-dev to suppress it.
[1.259s] [0m
[1.333s] -- Found DART: /usr/include (Required is at least version "6.6") found components: dart 
[1.414s] -- Found Protobuf: /usr/lib/x86_64-linux-gnu/libprotobuf.so (found version "3.12.4") 
[1.420s] -- Looking for ignition-math6 -- found version 6.15.1
[1.435s] -- Searching for dependencies of ignition-math6
[1.443s] -- Looking for OGRE...
[1.454s] -- Found Ogre Ghadamon (1.9.0)
[1.466s] -- Found OGRE: optimized;/usr/lib/x86_64-linux-gnu/libOgreMain.so;debug;/usr/lib/x86_64-linux-gnu/libOgreMain.so
[1.466s] -- Looking for OGRE_Paging...
[1.466s] -- Found OGRE_Paging: optimized;/usr/lib/x86_64-linux-gnu/libOgrePaging.so;debug;/usr/lib/x86_64-linux-gnu/libOgrePaging.so
[1.466s] -- Looking for OGRE_Terrain...
[1.467s] -- Found OGRE_Terrain: optimized;/usr/lib/x86_64-linux-gnu/libOgreTerrain.so;debug;/usr/lib/x86_64-linux-gnu/libOgreTerrain.so
[1.467s] -- Looking for OGRE_Property...
[1.467s] -- Found OGRE_Property: optimized;/usr/lib/x86_64-linux-gnu/libOgreProperty.so;debug;/usr/lib/x86_64-linux-gnu/libOgreProperty.so
[1.467s] -- Looking for OGRE_RTShaderSystem...
[1.467s] -- Found OGRE_RTShaderSystem: optimized;/usr/lib/x86_64-linux-gnu/libOgreRTShaderSystem.so;debug;/usr/lib/x86_64-linux-gnu/libOgreRTShaderSystem.so
[1.467s] -- Looking for OGRE_Volume...
[1.468s] -- Found OGRE_Volume: optimized;/usr/lib/x86_64-linux-gnu/libOgreVolume.so;debug;/usr/lib/x86_64-linux-gnu/libOgreVolume.so
[1.468s] -- Looking for OGRE_Overlay...
[1.469s] -- Found OGRE_Overlay: optimized;/usr/lib/x86_64-linux-gnu/libOgreOverlay.so;debug;/usr/lib/x86_64-linux-gnu/libOgreOverlay.so
[1.595s] -- Looking for ignition-math6 -- found version 6.15.1
[1.607s] -- Looking for ignition-transport8 -- found version 8.2.1
[1.611s] -- Searching for dependencies of ignition-transport8
[1.640s] -- Found Protobuf: /usr/lib/x86_64-linux-gnu/libprotobuf.so (found suitable version "3.12.4", minimum required is "3") 
[1.656s] -- Config-file not installed for ZeroMQ -- checking for pkg-config
[1.671s] -- Checking for module 'libzmq >= 4'
[1.730s] --   Found libzmq , version 4.3.4
[1.865s] -- Checking for module 'uuid'
[1.898s] --   Found uuid, version 2.37.2
[1.996s] -- Looking for ignition-msgs5 -- found version 5.8.1
[1.996s] -- Searching for dependencies of ignition-msgs5
[2.006s] -- Looking for ignition-math6 -- found version 6.15.1
[2.017s] -- Checking for module 'tinyxml2'
[2.040s] --   Found tinyxml2, version 9.0.0
[2.119s] -- Looking for ignition-msgs5 -- found version 5.8.1
[2.122s] -- Looking for ignition-common3 -- found version 3.14.0
[2.123s] -- Searching for dependencies of ignition-common3
[2.123s] -- Looking for dlfcn.h - found
[2.124s] -- Looking for libdl - found
[2.148s] -- Searching for <ignition-common3> component [graphics]
[2.151s] -- Looking for ignition-common3-graphics -- found version 3.14.0
[2.152s] -- Searching for dependencies of ignition-common3-graphics
[2.153s] -- Looking for ignition-math6 -- found version 6.15.1
[2.158s] -- Looking for ignition-fuel_tools4 -- found version 4.4.0
[2.158s] -- Searching for dependencies of ignition-fuel_tools4
[2.225s] -- Checking for module 'jsoncpp'
[2.256s] --   Found jsoncpp, version 1.9.5
[2.346s] -- Checking for module 'libzip'
[2.377s] --   Found libzip, version 1.7.3
[2.443s] -- Looking for ignition-common3 -- found version 3.14.0
[2.443s] -- Looking for ignition-math6 -- found version 6.15.1
[2.444s] -- Looking for ignition-msgs5 -- found version 5.8.1
[2.637s] -- Configuring done
[2.702s] -- Generating done
[2.717s] -- Build files have been written to: /home/vboxuser/ENPM673_final_project/group2_ws/build/enpm673_final_proj
[2.781s] [35m[1mConsolidate compiler generated dependencies of target cpp_enpm673_final_proj[0m
[2.803s] [  0%] Built target ament_cmake_python_copy_enpm673_module
[2.807s] [ 50%] Built target cpp_enpm673_final_proj
[2.828s] [35m[1mConsolidate compiler generated dependencies of target animated_box[0m
[3.076s] running egg_info
[3.076s] writing enpm673_module.egg-info/PKG-INFO
[3.076s] writing dependency_links to enpm673_module.egg-info/dependency_links.txt
[3.076s] writing top-level names to enpm673_module.egg-info/top_level.txt
[3.081s] reading manifest file 'enpm673_module.egg-info/SOURCES.txt'
[3.082s] [100%] Built target animated_box
[3.083s] writing manifest file 'enpm673_module.egg-info/SOURCES.txt'
[3.119s] [100%] Built target ament_cmake_python_build_enpm673_module_egg
[3.138s] Invoked command in '/home/vboxuser/ENPM673_final_project/group2_ws/build/enpm673_final_proj' returned '0': CMAKE_PREFIX_PATH=${CMAKE_PREFIX_PATH}:/opt/ros/humble /usr/bin/cmake --build /home/vboxuser/ENPM673_final_project/group2_ws/build/enpm673_final_proj -- -j2 -l2
[3.149s] Invoking command in '/home/vboxuser/ENPM673_final_project/group2_ws/build/enpm673_final_proj': CMAKE_PREFIX_PATH=${CMAKE_PREFIX_PATH}:/opt/ros/humble /usr/bin/cmake --install /home/vboxuser/ENPM673_final_project/group2_ws/build/enpm673_final_proj
[3.159s] -- Install configuration: ""
[3.166s] -- Up-to-date: /home/vboxuser/ENPM673_final_project/group2_ws/install/enpm673_final_proj/lib/enpm673_final_proj/cpp_enpm673_final_proj
[3.167s] -- Up-to-date: /home/vboxuser/ENPM673_final_project/group2_ws/install/enpm673_final_proj/share/enpm673_final_proj/environment/pythonpath.sh
[3.168s] -- Installing: /home/vboxuser/ENPM673_final_project/group2_ws/install/enpm673_final_proj/share/enpm673_final_proj/environment/pythonpath.dsv
[3.170s] -- Up-to-date: /home/vboxuser/ENPM673_final_project/group2_ws/install/enpm673_final_proj/local/lib/python3.10/dist-packages/enpm673_module-0.0.0-py3.10.egg-info
[3.172s] -- Installing: /home/vboxuser/ENPM673_final_project/group2_ws/install/enpm673_final_proj/local/lib/python3.10/dist-packages/enpm673_module-0.0.0-py3.10.egg-info/top_level.txt
[3.172s] -- Installing: /home/vboxuser/ENPM673_final_project/group2_ws/install/enpm673_final_proj/local/lib/python3.10/dist-packages/enpm673_module-0.0.0-py3.10.egg-info/dependency_links.txt
[3.172s] -- Installing: /home/vboxuser/ENPM673_final_project/group2_ws/install/enpm673_final_proj/local/lib/python3.10/dist-packages/enpm673_module-0.0.0-py3.10.egg-info/SOURCES.txt
[3.172s] -- Installing: /home/vboxuser/ENPM673_final_project/group2_ws/install/enpm673_final_proj/local/lib/python3.10/dist-packages/enpm673_module-0.0.0-py3.10.egg-info/PKG-INFO
[3.172s] -- Up-to-date: /home/vboxuser/ENPM673_final_project/group2_ws/install/enpm673_final_proj/local/lib/python3.10/dist-packages/enpm673_module
[3.174s] -- Up-to-date: /home/vboxuser/ENPM673_final_project/group2_ws/install/enpm673_final_proj/local/lib/python3.10/dist-packages/enpm673_module/enpm673_final_proj.py
[3.174s] -- Up-to-date: /home/vboxuser/ENPM673_final_project/group2_ws/install/enpm673_final_proj/local/lib/python3.10/dist-packages/enpm673_module/__init__.py
[3.214s] Listing '/home/vboxuser/ENPM673_final_project/group2_ws/install/enpm673_final_proj/local/lib/python3.10/dist-packages/enpm673_module'...
[3.217s] -- Up-to-date: /home/vboxuser/ENPM673_final_project/group2_ws/install/enpm673_final_proj/lib/enpm673_final_proj/enpm673_final_proj_main.py
[3.218s] -- Installing: /home/vboxuser/ENPM673_final_project/group2_ws/install/enpm673_final_proj/lib/enpm673_final_proj/directional_motion.py
[3.218s] -- Installing: /home/vboxuser/ENPM673_final_project/group2_ws/install/enpm673_final_proj/lib/enpm673_final_proj/directional_motion_tb1.py
[3.218s] -- Installing: /home/vboxuser/ENPM673_final_project/group2_ws/install/enpm673_final_proj/lib/enpm673_final_proj/directional_motion_tb2.py
[3.222s] -- Up-to-date: /home/vboxuser/ENPM673_final_project/group2_ws/install/enpm673_final_proj/share/enpm673_final_proj/launch/enpm673_world.launch.py
[3.229s] -- Up-to-date: /home/vboxuser/ENPM673_final_project/group2_ws/install/enpm673_final_proj/lib/enpm673_final_proj/libanimated_box.so
[3.231s] -- Up-to-date: /home/vboxuser/ENPM673_final_project/group2_ws/install/enpm673_final_proj/share/enpm673_final_proj/worlds/enpm673.world
[3.231s] -- Up-to-date: /home/vboxuser/ENPM673_final_project/group2_ws/install/enpm673_final_proj/share/enpm673_final_proj/worlds/animated_box.world
[3.232s] -- Up-to-date: /home/vboxuser/ENPM673_final_project/group2_ws/install/enpm673_final_proj/share/enpm673_final_proj//models
[3.234s] -- Up-to-date: /home/vboxuser/ENPM673_final_project/group2_ws/install/enpm673_final_proj/share/enpm673_final_proj//models/floor_tile
[3.234s] -- Up-to-date: /home/vboxuser/ENPM673_final_project/group2_ws/install/enpm673_final_proj/share/enpm673_final_proj//models/floor_tile/model.sdf
[3.235s] -- Up-to-date: /home/vboxuser/ENPM673_final_project/group2_ws/install/enpm673_final_proj/share/enpm673_final_proj//models/floor_tile/model.config
[3.235s] -- Up-to-date: /home/vboxuser/ENPM673_final_project/group2_ws/install/enpm673_final_proj/share/enpm673_final_proj//models/checkerboard_6_8_0_03
[3.236s] -- Up-to-date: /home/vboxuser/ENPM673_final_project/group2_ws/install/enpm673_final_proj/share/enpm673_final_proj//models/checkerboard_6_8_0_03/model.config
[3.236s] -- Up-to-date: /home/vboxuser/ENPM673_final_project/group2_ws/install/enpm673_final_proj/share/enpm673_final_proj//models/checkerboard_6_8_0_03/checkerboard.sdf
[3.236s] -- Up-to-date: /home/vboxuser/ENPM673_final_project/group2_ws/install/enpm673_final_proj/share/enpm673_final_proj//models/lane_markings
[3.237s] -- Up-to-date: /home/vboxuser/ENPM673_final_project/group2_ws/install/enpm673_final_proj/share/enpm673_final_proj//models/lane_markings/model.sdf
[3.237s] -- Up-to-date: /home/vboxuser/ENPM673_final_project/group2_ws/install/enpm673_final_proj/share/enpm673_final_proj//models/lane_markings/model.config
[3.237s] -- Up-to-date: /home/vboxuser/ENPM673_final_project/group2_ws/install/enpm673_final_proj/share/enpm673_final_proj//models/textured_floor
[3.239s] -- Up-to-date: /home/vboxuser/ENPM673_final_project/group2_ws/install/enpm673_final_proj/share/enpm673_final_proj//models/textured_floor/model.sdf
[3.239s] -- Up-to-date: /home/vboxuser/ENPM673_final_project/group2_ws/install/enpm673_final_proj/share/enpm673_final_proj//models/textured_floor/model.config
[3.239s] -- Up-to-date: /home/vboxuser/ENPM673_final_project/group2_ws/install/enpm673_final_proj/share/enpm673_final_proj//models/umd_turtlebot3_waffle_pi
[3.240s] -- Up-to-date: /home/vboxuser/ENPM673_final_project/group2_ws/install/enpm673_final_proj/share/enpm673_final_proj//models/umd_turtlebot3_waffle_pi/model.sdf
[3.240s] -- Up-to-date: /home/vboxuser/ENPM673_final_project/group2_ws/install/enpm673_final_proj/share/enpm673_final_proj//models/umd_turtlebot3_waffle_pi/model.config
[3.240s] -- Up-to-date: /home/vboxuser/ENPM673_final_project/group2_ws/install/enpm673_final_proj/share/enpm673_final_proj//models/paper_letter_size
[3.242s] -- Up-to-date: /home/vboxuser/ENPM673_final_project/group2_ws/install/enpm673_final_proj/share/enpm673_final_proj//models/paper_letter_size/model.sdf
[3.242s] -- Up-to-date: /home/vboxuser/ENPM673_final_project/group2_ws/install/enpm673_final_proj/share/enpm673_final_proj//models/paper_letter_size/model.config
[3.242s] -- Up-to-date: /home/vboxuser/ENPM673_final_project/group2_ws/install/enpm673_final_proj/share/enpm673_final_proj//models/aruco_marker
[3.243s] -- Up-to-date: /home/vboxuser/ENPM673_final_project/group2_ws/install/enpm673_final_proj/share/enpm673_final_proj//models/aruco_marker/materials
[3.244s] -- Up-to-date: /home/vboxuser/ENPM673_final_project/group2_ws/install/enpm673_final_proj/share/enpm673_final_proj//models/aruco_marker/materials/scripts
[3.245s] -- Up-to-date: /home/vboxuser/ENPM673_final_project/group2_ws/install/enpm673_final_proj/share/enpm673_final_proj//models/aruco_marker/materials/scripts/marker.material
[3.245s] -- Up-to-date: /home/vboxuser/ENPM673_final_project/group2_ws/install/enpm673_final_proj/share/enpm673_final_proj//models/aruco_marker/materials/textures
[3.246s] -- Up-to-date: /home/vboxuser/ENPM673_final_project/group2_ws/install/enpm673_final_proj/share/enpm673_final_proj//models/aruco_marker/materials/textures/marker.png
[3.246s] -- Up-to-date: /home/vboxuser/ENPM673_final_project/group2_ws/install/enpm673_final_proj/share/enpm673_final_proj//models/aruco_marker/model.sdf
[3.246s] -- Up-to-date: /home/vboxuser/ENPM673_final_project/group2_ws/install/enpm673_final_proj/share/enpm673_final_proj//models/aruco_marker/model.config
[3.247s] -- Up-to-date: /home/vboxuser/ENPM673_final_project/group2_ws/install/enpm673_final_proj/share/ament_index/resource_index/package_run_dependencies/enpm673_final_proj
[3.248s] -- Installing: /home/vboxuser/ENPM673_final_project/group2_ws/install/enpm673_final_proj/share/ament_index/resource_index/parent_prefix_path/enpm673_final_proj
[3.248s] -- Up-to-date: /home/vboxuser/ENPM673_final_project/group2_ws/install/enpm673_final_proj/share/enpm673_final_proj/environment/ament_prefix_path.sh
[3.248s] -- Installing: /home/vboxuser/ENPM673_final_project/group2_ws/install/enpm673_final_proj/share/enpm673_final_proj/environment/ament_prefix_path.dsv
[3.248s] -- Up-to-date: /home/vboxuser/ENPM673_final_project/group2_ws/install/enpm673_final_proj/share/enpm673_final_proj/environment/path.sh
[3.249s] -- Installing: /home/vboxuser/ENPM673_final_project/group2_ws/install/enpm673_final_proj/share/enpm673_final_proj/environment/path.dsv
[3.250s] -- Up-to-date: /home/vboxuser/ENPM673_final_project/group2_ws/install/enpm673_final_proj/share/enpm673_final_proj/local_setup.bash
[3.250s] -- Up-to-date: /home/vboxuser/ENPM673_final_project/group2_ws/install/enpm673_final_proj/share/enpm673_final_proj/local_setup.sh
[3.250s] -- Up-to-date: /home/vboxuser/ENPM673_final_project/group2_ws/install/enpm673_final_proj/share/enpm673_final_proj/local_setup.zsh
[3.250s] -- Installing: /home/vboxuser/ENPM673_final_project/group2_ws/install/enpm673_final_proj/share/enpm673_final_proj/local_setup.dsv
[3.250s] -- Installing: /home/vboxuser/ENPM673_final_project/group2_ws/install/enpm673_final_proj/share/enpm673_final_proj/package.dsv
[3.251s] -- Up-to-date: /home/vboxuser/ENPM673_final_project/group2_ws/install/enpm673_final_proj/share/ament_index/resource_index/packages/enpm673_final_proj
[3.252s] -- Up-to-date: /home/vboxuser/ENPM673_final_project/group2_ws/install/enpm673_final_proj/share/enpm673_final_proj/cmake/enpm673_final_projConfig.cmake
[3.252s] -- Up-to-date: /home/vboxuser/ENPM673_final_project/group2_ws/install/enpm673_final_proj/share/enpm673_final_proj/cmake/enpm673_final_projConfig-version.cmake
[3.252s] -- Up-to-date: /home/vboxuser/ENPM673_final_project/group2_ws/install/enpm673_final_proj/share/enpm673_final_proj/package.xml
[3.256s] Invoked command in '/home/vboxuser/ENPM673_final_project/group2_ws/build/enpm673_final_proj' returned '0': CMAKE_PREFIX_PATH=${CMAKE_PREFIX_PATH}:/opt/ros/humble /usr/bin/cmake --install /home/vboxuser/ENPM673_final_project/group2_ws/build/enpm673_final_proj
